Compiling the C compiler identification source file "CMakeCCompilerId.c" failed.
Compiler: /home/plc2/AXCF2152/sysroots/x86_64-pokysdk-linux/usr/bin/arm-pxc-linux-gnueabi/arm-pxc-linux-gnueabi-gcc 
Build flags: ;;-mthumb;-mfpu=neon;-mfloat-abi=hard;-mcpu=cortex-a9
Id flags:  

The output was:
1
/home/plc2/AXCF2152/sysroots/x86_64-pokysdk-linux/usr/libexec/arm-pxc-linux-gnueabi/gcc/arm-pxc-linux-gnueabi/11.2.0/real-ld: cannot find Scrt1.o: No such file or directory
/home/plc2/AXCF2152/sysroots/x86_64-pokysdk-linux/usr/libexec/arm-pxc-linux-gnueabi/gcc/arm-pxc-linux-gnueabi/11.2.0/real-ld: cannot find crti.o: No such file or directory
/home/plc2/AXCF2152/sysroots/x86_64-pokysdk-linux/usr/libexec/arm-pxc-linux-gnueabi/gcc/arm-pxc-linux-gnueabi/11.2.0/real-ld: cannot find crtbeginS.o: No such file or directory
/home/plc2/AXCF2152/sysroots/x86_64-pokysdk-linux/usr/libexec/arm-pxc-linux-gnueabi/gcc/arm-pxc-linux-gnueabi/11.2.0/real-ld: cannot find -lgcc: No such file or directory
/home/plc2/AXCF2152/sysroots/x86_64-pokysdk-linux/usr/libexec/arm-pxc-linux-gnueabi/gcc/arm-pxc-linux-gnueabi/11.2.0/real-ld: cannot find -lgcc_s: No such file or directory
/home/plc2/AXCF2152/sysroots/x86_64-pokysdk-linux/usr/libexec/arm-pxc-linux-gnueabi/gcc/arm-pxc-linux-gnueabi/11.2.0/real-ld: cannot find -lc: No such file or directory
/home/plc2/AXCF2152/sysroots/x86_64-pokysdk-linux/usr/libexec/arm-pxc-linux-gnueabi/gcc/arm-pxc-linux-gnueabi/11.2.0/real-ld: cannot find -lgcc: No such file or directory
/home/plc2/AXCF2152/sysroots/x86_64-pokysdk-linux/usr/libexec/arm-pxc-linux-gnueabi/gcc/arm-pxc-linux-gnueabi/11.2.0/real-ld: cannot find -lgcc_s: No such file or directory
/home/plc2/AXCF2152/sysroots/x86_64-pokysdk-linux/usr/libexec/arm-pxc-linux-gnueabi/gcc/arm-pxc-linux-gnueabi/11.2.0/real-ld: cannot find crtendS.o: No such file or directory
/home/plc2/AXCF2152/sysroots/x86_64-pokysdk-linux/usr/libexec/arm-pxc-linux-gnueabi/gcc/arm-pxc-linux-gnueabi/11.2.0/real-ld: cannot find crtn.o: No such file or directory
collect2: error: ld returned 1 exit status


Compiling the CXX compiler identification source file "CMakeCXXCompilerId.cpp" failed.
Compiler: /home/plc2/AXCF2152/sysroots/x86_64-pokysdk-linux/usr/bin/arm-pxc-linux-gnueabi/arm-pxc-linux-gnueabi-g++ 
Build flags: ;;-mthumb;-mfpu=neon;-mfloat-abi=hard;-mcpu=cortex-a9
Id flags:  

The output was:
1
/home/plc2/AXCF2152/sysroots/x86_64-pokysdk-linux/usr/libexec/arm-pxc-linux-gnueabi/gcc/arm-pxc-linux-gnueabi/11.2.0/real-ld: cannot find Scrt1.o: No such file or directory
/home/plc2/AXCF2152/sysroots/x86_64-pokysdk-linux/usr/libexec/arm-pxc-linux-gnueabi/gcc/arm-pxc-linux-gnueabi/11.2.0/real-ld: cannot find crti.o: No such file or directory
/home/plc2/AXCF2152/sysroots/x86_64-pokysdk-linux/usr/libexec/arm-pxc-linux-gnueabi/gcc/arm-pxc-linux-gnueabi/11.2.0/real-ld: cannot find crtbeginS.o: No such file or directory
/home/plc2/AXCF2152/sysroots/x86_64-pokysdk-linux/usr/libexec/arm-pxc-linux-gnueabi/gcc/arm-pxc-linux-gnueabi/11.2.0/real-ld: cannot find -lstdc++: No such file or directory
/home/plc2/AXCF2152/sysroots/x86_64-pokysdk-linux/usr/libexec/arm-pxc-linux-gnueabi/gcc/arm-pxc-linux-gnueabi/11.2.0/real-ld: cannot find -lm: No such file or directory
/home/plc2/AXCF2152/sysroots/x86_64-pokysdk-linux/usr/libexec/arm-pxc-linux-gnueabi/gcc/arm-pxc-linux-gnueabi/11.2.0/real-ld: cannot find -lgcc_s: No such file or directory
/home/plc2/AXCF2152/sysroots/x86_64-pokysdk-linux/usr/libexec/arm-pxc-linux-gnueabi/gcc/arm-pxc-linux-gnueabi/11.2.0/real-ld: cannot find -lgcc: No such file or directory
/home/plc2/AXCF2152/sysroots/x86_64-pokysdk-linux/usr/libexec/arm-pxc-linux-gnueabi/gcc/arm-pxc-linux-gnueabi/11.2.0/real-ld: cannot find -lc: No such file or directory
/home/plc2/AXCF2152/sysroots/x86_64-pokysdk-linux/usr/libexec/arm-pxc-linux-gnueabi/gcc/arm-pxc-linux-gnueabi/11.2.0/real-ld: cannot find -lgcc_s: No such file or directory
/home/plc2/AXCF2152/sysroots/x86_64-pokysdk-linux/usr/libexec/arm-pxc-linux-gnueabi/gcc/arm-pxc-linux-gnueabi/11.2.0/real-ld: cannot find -lgcc: No such file or directory
/home/plc2/AXCF2152/sysroots/x86_64-pokysdk-linux/usr/libexec/arm-pxc-linux-gnueabi/gcc/arm-pxc-linux-gnueabi/11.2.0/real-ld: cannot find crtendS.o: No such file or directory
/home/plc2/AXCF2152/sysroots/x86_64-pokysdk-linux/usr/libexec/arm-pxc-linux-gnueabi/gcc/arm-pxc-linux-gnueabi/11.2.0/real-ld: cannot find crtn.o: No such file or directory
collect2: error: ld returned 1 exit status


