The target system is: Linux -  - arm
The host system is: Linux - 5.4.0-167-generic - x86_64
Compiling the C compiler identification source file "CMakeCCompilerId.c" succeeded.
Compiler: /home/plc2/AXCF2152/sysroots/x86_64-pokysdk-linux/usr/bin/arm-pxc-linux-gnueabi/arm-pxc-linux-gnueabi-gcc 
Build flags: ;;-mthumb;-mfpu=neon;-mfloat-abi=hard;-mcpu=cortex-a9
Id flags: -c 

The output was:
0


Compilation of the C compiler identification source "CMakeCCompilerId.c" produced "CMakeCCompilerId.o"

The C compiler identification is GNU, found in "/home/plc2/work/NewProject1/intermediate/cmake/AXCF2152,22.6.0.43/Release/CMakeFiles/3.13.1/CompilerIdC/CMakeCCompilerId.o"

Compiling the CXX compiler identification source file "CMakeCXXCompilerId.cpp" succeeded.
Compiler: /home/plc2/AXCF2152/sysroots/x86_64-pokysdk-linux/usr/bin/arm-pxc-linux-gnueabi/arm-pxc-linux-gnueabi-g++ 
Build flags: ;;-mthumb;-mfpu=neon;-mfloat-abi=hard;-mcpu=cortex-a9
Id flags: -c 

The output was:
0


Compilation of the CXX compiler identification source "CMakeCXXCompilerId.cpp" produced "CMakeCXXCompilerId.o"

The CXX compiler identification is GNU, found in "/home/plc2/work/NewProject1/intermediate/cmake/AXCF2152,22.6.0.43/Release/CMakeFiles/3.13.1/CompilerIdCXX/CMakeCXXCompilerId.o"

Determining if the C compiler works passed with the following output:
Change Dir: /home/plc2/work/NewProject1/intermediate/cmake/AXCF2152,22.6.0.43/Release/CMakeFiles/CMakeTmp

Run Build Command:"/usr/bin/make" "cmTC_758e7/fast"
/usr/bin/make -f CMakeFiles/cmTC_758e7.dir/build.make CMakeFiles/cmTC_758e7.dir/build
make[1]: Entering directory '/home/plc2/work/NewProject1/intermediate/cmake/AXCF2152,22.6.0.43/Release/CMakeFiles/CMakeTmp'
Building C object CMakeFiles/cmTC_758e7.dir/testCCompiler.c.o
/home/plc2/AXCF2152/sysroots/x86_64-pokysdk-linux/usr/bin/arm-pxc-linux-gnueabi/arm-pxc-linux-gnueabi-gcc --sysroot=/home/plc2/AXCF2152/sysroots/cortexa9t2hf-neon-pxc-linux-gnueabi   -mthumb -mfpu=neon -mfloat-abi=hard -mcpu=cortex-a9    -o CMakeFiles/cmTC_758e7.dir/testCCompiler.c.o   -c /home/plc2/work/NewProject1/intermediate/cmake/AXCF2152,22.6.0.43/Release/CMakeFiles/CMakeTmp/testCCompiler.c
Linking C executable cmTC_758e7
/home/plc2/plcncli/cmake/bin/cmake -E cmake_link_script CMakeFiles/cmTC_758e7.dir/link.txt --verbose=1
/home/plc2/AXCF2152/sysroots/x86_64-pokysdk-linux/usr/bin/arm-pxc-linux-gnueabi/arm-pxc-linux-gnueabi-gcc --sysroot=/home/plc2/AXCF2152/sysroots/cortexa9t2hf-neon-pxc-linux-gnueabi   -mthumb -mfpu=neon -mfloat-abi=hard -mcpu=cortex-a9    -mthumb -mfpu=neon -mfloat-abi=hard -mcpu=cortex-a9   CMakeFiles/cmTC_758e7.dir/testCCompiler.c.o  -o cmTC_758e7 
make[1]: Leaving directory '/home/plc2/work/NewProject1/intermediate/cmake/AXCF2152,22.6.0.43/Release/CMakeFiles/CMakeTmp'


Detecting C compiler ABI info compiled with the following output:
Change Dir: /home/plc2/work/NewProject1/intermediate/cmake/AXCF2152,22.6.0.43/Release/CMakeFiles/CMakeTmp

Run Build Command:"/usr/bin/make" "cmTC_e0083/fast"
/usr/bin/make -f CMakeFiles/cmTC_e0083.dir/build.make CMakeFiles/cmTC_e0083.dir/build
make[1]: Entering directory '/home/plc2/work/NewProject1/intermediate/cmake/AXCF2152,22.6.0.43/Release/CMakeFiles/CMakeTmp'
Building C object CMakeFiles/cmTC_e0083.dir/CMakeCCompilerABI.c.o
/home/plc2/AXCF2152/sysroots/x86_64-pokysdk-linux/usr/bin/arm-pxc-linux-gnueabi/arm-pxc-linux-gnueabi-gcc --sysroot=/home/plc2/AXCF2152/sysroots/cortexa9t2hf-neon-pxc-linux-gnueabi   -mthumb -mfpu=neon -mfloat-abi=hard -mcpu=cortex-a9    -o CMakeFiles/cmTC_e0083.dir/CMakeCCompilerABI.c.o   -c /home/plc2/plcncli/cmake/share/cmake-3.13/Modules/CMakeCCompilerABI.c
Linking C executable cmTC_e0083
/home/plc2/plcncli/cmake/bin/cmake -E cmake_link_script CMakeFiles/cmTC_e0083.dir/link.txt --verbose=1
/home/plc2/AXCF2152/sysroots/x86_64-pokysdk-linux/usr/bin/arm-pxc-linux-gnueabi/arm-pxc-linux-gnueabi-gcc --sysroot=/home/plc2/AXCF2152/sysroots/cortexa9t2hf-neon-pxc-linux-gnueabi   -mthumb -mfpu=neon -mfloat-abi=hard -mcpu=cortex-a9    -mthumb -mfpu=neon -mfloat-abi=hard -mcpu=cortex-a9  -v CMakeFiles/cmTC_e0083.dir/CMakeCCompilerABI.c.o  -o cmTC_e0083 
Using built-in specs.
COLLECT_GCC=/home/plc2/AXCF2152/sysroots/x86_64-pokysdk-linux/usr/bin/arm-pxc-linux-gnueabi/arm-pxc-linux-gnueabi-gcc
COLLECT_LTO_WRAPPER=/home/plc2/AXCF2152/sysroots/x86_64-pokysdk-linux/usr/libexec/arm-pxc-linux-gnueabi/gcc/arm-pxc-linux-gnueabi/11.2.0/lto-wrapper
Target: arm-pxc-linux-gnueabi
Configured with: ../../../../../../work-shared/gcc-11.2.0-r0/gcc-11.2.0/configure --build=x86_64-linux --host=x86_64-pokysdk-linux --target=arm-pxc-linux-gnueabi --prefix=/usr/local/oe-sdk-hardcoded-buildpath/sysroots/x86_64-pokysdk-linux/usr --exec_prefix=/usr/local/oe-sdk-hardcoded-buildpath/sysroots/x86_64-pokysdk-linux/usr --bindir=/usr/local/oe-sdk-hardcoded-buildpath/sysroots/x86_64-pokysdk-linux/usr/bin/arm-pxc-linux-gnueabi --sbindir=/usr/local/oe-sdk-hardcoded-buildpath/sysroots/x86_64-pokysdk-linux/usr/bin/arm-pxc-linux-gnueabi --libexecdir=/usr/local/oe-sdk-hardcoded-buildpath/sysroots/x86_64-pokysdk-linux/usr/libexec/arm-pxc-linux-gnueabi --datadir=/usr/local/oe-sdk-hardcoded-buildpath/sysroots/x86_64-pokysdk-linux/usr/share --sysconfdir=/usr/local/oe-sdk-hardcoded-buildpath/sysroots/x86_64-pokysdk-linux/etc --sharedstatedir=/usr/local/oe-sdk-hardcoded-buildpath/sysroots/x86_64-pokysdk-linux/com --localstatedir=/usr/local/oe-sdk-hardcoded-buildpath/sysroots/x86_64-pokysdk-linux/var --libdir=/usr/local/oe-sdk-hardcoded-buildpath/sysroots/x86_64-pokysdk-linux/usr/lib/arm-pxc-linux-gnueabi --includedir=/usr/local/oe-sdk-hardcoded-buildpath/sysroots/x86_64-pokysdk-linux/usr/include --oldincludedir=/usr/local/oe-sdk-hardcoded-buildpath/sysroots/x86_64-pokysdk-linux/usr/include --infodir=/usr/local/oe-sdk-hardcoded-buildpath/sysroots/x86_64-pokysdk-linux/usr/share/info --mandir=/usr/local/oe-sdk-hardcoded-buildpath/sysroots/x86_64-pokysdk-linux/usr/share/man --disable-silent-rules --disable-dependency-tracking --with-libtool-sysroot=/yocto/jenkins/workspace/ts_Yocto_AXCF1152_release_22.6.x/axcf2152_build/tmp/work/x86_64-nativesdk-pokysdk-linux/gcc-cross-canadian-arm/11.2.0-r0/recipe-sysroot --with-gnu-ld --enable-shared --enable-languages=c,c++ --enable-threads=posix --enable-multilib --enable-default-pie --enable-c99 --enable-long-long --enable-symvers=gnu --enable-libstdcxx-pch --program-prefix=arm-pxc-linux-gnueabi- --without-local-prefix --disable-install-libiberty --disable-libssp --enable-libitm --enable-lto --disable-bootstrap --with-system-zlib --with-linker-hash-style=gnu --enable-linker-build-id --with-ppl=no --with-cloog=no --enable-checking=release --enable-cheaders=c_global --without-isl --with-gxx-include-dir=/not/exist/usr/include/c++/11.2.0 --with-build-time-tools=/yocto/jenkins/workspace/ts_Yocto_AXCF1152_release_22.6.x/axcf2152_build/tmp/work/x86_64-nativesdk-pokysdk-linux/gcc-cross-canadian-arm/11.2.0-r0/recipe-sysroot-native/usr/arm-pxc-linux-gnueabi/bin --with-sysroot=/not/exist --with-build-sysroot=/yocto/jenkins/workspace/ts_Yocto_AXCF1152_release_22.6.x/axcf2152_build/tmp/work/x86_64-nativesdk-pokysdk-linux/gcc-cross-canadian-arm/11.2.0-r0/recipe-sysroot --enable-standard-branch-protection --enable-poison-system-directories --disable-static --enable-nls --with-glibc-version=2.28 --enable-initfini-array
Thread model: posix
Supported LTO compression algorithms: zlib zstd
gcc version 11.2.0 (GCC) 
COMPILER_PATH=/home/plc2/AXCF2152/sysroots/x86_64-pokysdk-linux/usr/libexec/arm-pxc-linux-gnueabi/gcc/arm-pxc-linux-gnueabi/11.2.0/:/home/plc2/AXCF2152/sysroots/x86_64-pokysdk-linux/usr/libexec/arm-pxc-linux-gnueabi/gcc/arm-pxc-linux-gnueabi/11.2.0/:/home/plc2/AXCF2152/sysroots/x86_64-pokysdk-linux/usr/libexec/arm-pxc-linux-gnueabi/gcc/arm-pxc-linux-gnueabi/:/home/plc2/AXCF2152/sysroots/x86_64-pokysdk-linux/usr/lib/arm-pxc-linux-gnueabi/gcc/arm-pxc-linux-gnueabi/11.2.0/:/home/plc2/AXCF2152/sysroots/x86_64-pokysdk-linux/usr/lib/arm-pxc-linux-gnueabi/gcc/arm-pxc-linux-gnueabi/
LIBRARY_PATH=/home/plc2/AXCF2152/sysroots/x86_64-pokysdk-linux/usr/lib/arm-pxc-linux-gnueabi/gcc/arm-pxc-linux-gnueabi/11.2.0/:/home/plc2/AXCF2152/sysroots/cortexa9t2hf-neon-pxc-linux-gnueabi/lib/:/home/plc2/AXCF2152/sysroots/cortexa9t2hf-neon-pxc-linux-gnueabi/usr/lib/arm-pxc-linux-gnueabi/11.2.0/:/home/plc2/AXCF2152/sysroots/cortexa9t2hf-neon-pxc-linux-gnueabi/usr/lib/
COLLECT_GCC_OPTIONS='-mfpu=neon' '-mfloat-abi=hard' '-mthumb' '-mfpu=neon' '-mfloat-abi=hard' '-mcpu=cortex-a9' '-v' '-o' 'cmTC_e0083' '-mtls-dialect=gnu' '-mlibarch=armv7-a+mp+sec+simd' '-march=armv7-a+mp+sec+simd' '-dumpdir' 'cmTC_e0083.'
 /home/plc2/AXCF2152/sysroots/x86_64-pokysdk-linux/usr/libexec/arm-pxc-linux-gnueabi/gcc/arm-pxc-linux-gnueabi/11.2.0/collect2 -plugin /home/plc2/AXCF2152/sysroots/x86_64-pokysdk-linux/usr/libexec/arm-pxc-linux-gnueabi/gcc/arm-pxc-linux-gnueabi/11.2.0/liblto_plugin.so -plugin-opt=/home/plc2/AXCF2152/sysroots/x86_64-pokysdk-linux/usr/libexec/arm-pxc-linux-gnueabi/gcc/arm-pxc-linux-gnueabi/11.2.0/lto-wrapper -plugin-opt=-fresolution=/tmp/ccUtgWbG.res -plugin-opt=-pass-through=-lgcc -plugin-opt=-pass-through=-lgcc_s -plugin-opt=-pass-through=-lc -plugin-opt=-pass-through=-lgcc -plugin-opt=-pass-through=-lgcc_s --sysroot=/home/plc2/AXCF2152/sysroots/cortexa9t2hf-neon-pxc-linux-gnueabi --build-id --eh-frame-hdr --hash-style=gnu -dynamic-linker /lib/ld-linux-armhf.so.3 -X -m armelf_linux_eabi -pie -o cmTC_e0083 /home/plc2/AXCF2152/sysroots/cortexa9t2hf-neon-pxc-linux-gnueabi/usr/lib/Scrt1.o /home/plc2/AXCF2152/sysroots/cortexa9t2hf-neon-pxc-linux-gnueabi/usr/lib/crti.o /home/plc2/AXCF2152/sysroots/cortexa9t2hf-neon-pxc-linux-gnueabi/usr/lib/arm-pxc-linux-gnueabi/11.2.0/crtbeginS.o -L/home/plc2/AXCF2152/sysroots/x86_64-pokysdk-linux/usr/lib/arm-pxc-linux-gnueabi/gcc/arm-pxc-linux-gnueabi/11.2.0 -L/home/plc2/AXCF2152/sysroots/cortexa9t2hf-neon-pxc-linux-gnueabi/lib -L/home/plc2/AXCF2152/sysroots/cortexa9t2hf-neon-pxc-linux-gnueabi/usr/lib/arm-pxc-linux-gnueabi/11.2.0 -L/home/plc2/AXCF2152/sysroots/cortexa9t2hf-neon-pxc-linux-gnueabi/usr/lib CMakeFiles/cmTC_e0083.dir/CMakeCCompilerABI.c.o -lgcc --push-state --as-needed -lgcc_s --pop-state -lc -lgcc --push-state --as-needed -lgcc_s --pop-state /home/plc2/AXCF2152/sysroots/cortexa9t2hf-neon-pxc-linux-gnueabi/usr/lib/arm-pxc-linux-gnueabi/11.2.0/crtendS.o /home/plc2/AXCF2152/sysroots/cortexa9t2hf-neon-pxc-linux-gnueabi/usr/lib/crtn.o
COLLECT_GCC_OPTIONS='-mfpu=neon' '-mfloat-abi=hard' '-mthumb' '-mfpu=neon' '-mfloat-abi=hard' '-mcpu=cortex-a9' '-v' '-o' 'cmTC_e0083' '-mtls-dialect=gnu' '-mlibarch=armv7-a+mp+sec+simd' '-march=armv7-a+mp+sec+simd' '-dumpdir' 'cmTC_e0083.'
make[1]: Leaving directory '/home/plc2/work/NewProject1/intermediate/cmake/AXCF2152,22.6.0.43/Release/CMakeFiles/CMakeTmp'


Parsed C implicit link information from above output:
  link line regex: [^( *|.*[/\])(arm-pxc-linux-gnueabi-ld|CMAKE_LINK_STARTFILE-NOTFOUND|([^/\]+-)?ld|collect2)[^/\]*( |$)]
  ignore line: [Change Dir: /home/plc2/work/NewProject1/intermediate/cmake/AXCF2152,22.6.0.43/Release/CMakeFiles/CMakeTmp]
  ignore line: []
  ignore line: [Run Build Command:"/usr/bin/make" "cmTC_e0083/fast"]
  ignore line: [/usr/bin/make -f CMakeFiles/cmTC_e0083.dir/build.make CMakeFiles/cmTC_e0083.dir/build]
  ignore line: [make[1]: Entering directory '/home/plc2/work/NewProject1/intermediate/cmake/AXCF2152,22.6.0.43/Release/CMakeFiles/CMakeTmp']
  ignore line: [Building C object CMakeFiles/cmTC_e0083.dir/CMakeCCompilerABI.c.o]
  ignore line: [/home/plc2/AXCF2152/sysroots/x86_64-pokysdk-linux/usr/bin/arm-pxc-linux-gnueabi/arm-pxc-linux-gnueabi-gcc --sysroot=/home/plc2/AXCF2152/sysroots/cortexa9t2hf-neon-pxc-linux-gnueabi   -mthumb -mfpu=neon -mfloat-abi=hard -mcpu=cortex-a9    -o CMakeFiles/cmTC_e0083.dir/CMakeCCompilerABI.c.o   -c /home/plc2/plcncli/cmake/share/cmake-3.13/Modules/CMakeCCompilerABI.c]
  ignore line: [Linking C executable cmTC_e0083]
  ignore line: [/home/plc2/plcncli/cmake/bin/cmake -E cmake_link_script CMakeFiles/cmTC_e0083.dir/link.txt --verbose=1]
  ignore line: [/home/plc2/AXCF2152/sysroots/x86_64-pokysdk-linux/usr/bin/arm-pxc-linux-gnueabi/arm-pxc-linux-gnueabi-gcc --sysroot=/home/plc2/AXCF2152/sysroots/cortexa9t2hf-neon-pxc-linux-gnueabi   -mthumb -mfpu=neon -mfloat-abi=hard -mcpu=cortex-a9    -mthumb -mfpu=neon -mfloat-abi=hard -mcpu=cortex-a9  -v CMakeFiles/cmTC_e0083.dir/CMakeCCompilerABI.c.o  -o cmTC_e0083 ]
  ignore line: [Using built-in specs.]
  ignore line: [COLLECT_GCC=/home/plc2/AXCF2152/sysroots/x86_64-pokysdk-linux/usr/bin/arm-pxc-linux-gnueabi/arm-pxc-linux-gnueabi-gcc]
  ignore line: [COLLECT_LTO_WRAPPER=/home/plc2/AXCF2152/sysroots/x86_64-pokysdk-linux/usr/libexec/arm-pxc-linux-gnueabi/gcc/arm-pxc-linux-gnueabi/11.2.0/lto-wrapper]
  ignore line: [Target: arm-pxc-linux-gnueabi]
  ignore line: [Configured with: ../../../../../../work-shared/gcc-11.2.0-r0/gcc-11.2.0/configure --build=x86_64-linux --host=x86_64-pokysdk-linux --target=arm-pxc-linux-gnueabi --prefix=/usr/local/oe-sdk-hardcoded-buildpath/sysroots/x86_64-pokysdk-linux/usr --exec_prefix=/usr/local/oe-sdk-hardcoded-buildpath/sysroots/x86_64-pokysdk-linux/usr --bindir=/usr/local/oe-sdk-hardcoded-buildpath/sysroots/x86_64-pokysdk-linux/usr/bin/arm-pxc-linux-gnueabi --sbindir=/usr/local/oe-sdk-hardcoded-buildpath/sysroots/x86_64-pokysdk-linux/usr/bin/arm-pxc-linux-gnueabi --libexecdir=/usr/local/oe-sdk-hardcoded-buildpath/sysroots/x86_64-pokysdk-linux/usr/libexec/arm-pxc-linux-gnueabi --datadir=/usr/local/oe-sdk-hardcoded-buildpath/sysroots/x86_64-pokysdk-linux/usr/share --sysconfdir=/usr/local/oe-sdk-hardcoded-buildpath/sysroots/x86_64-pokysdk-linux/etc --sharedstatedir=/usr/local/oe-sdk-hardcoded-buildpath/sysroots/x86_64-pokysdk-linux/com --localstatedir=/usr/local/oe-sdk-hardcoded-buildpath/sysroots/x86_64-pokysdk-linux/var --libdir=/usr/local/oe-sdk-hardcoded-buildpath/sysroots/x86_64-pokysdk-linux/usr/lib/arm-pxc-linux-gnueabi --includedir=/usr/local/oe-sdk-hardcoded-buildpath/sysroots/x86_64-pokysdk-linux/usr/include --oldincludedir=/usr/local/oe-sdk-hardcoded-buildpath/sysroots/x86_64-pokysdk-linux/usr/include --infodir=/usr/local/oe-sdk-hardcoded-buildpath/sysroots/x86_64-pokysdk-linux/usr/share/info --mandir=/usr/local/oe-sdk-hardcoded-buildpath/sysroots/x86_64-pokysdk-linux/usr/share/man --disable-silent-rules --disable-dependency-tracking --with-libtool-sysroot=/yocto/jenkins/workspace/ts_Yocto_AXCF1152_release_22.6.x/axcf2152_build/tmp/work/x86_64-nativesdk-pokysdk-linux/gcc-cross-canadian-arm/11.2.0-r0/recipe-sysroot --with-gnu-ld --enable-shared --enable-languages=c,c++ --enable-threads=posix --enable-multilib --enable-default-pie --enable-c99 --enable-long-long --enable-symvers=gnu --enable-libstdcxx-pch --program-prefix=arm-pxc-linux-gnueabi- --without-local-prefix --disable-install-libiberty --disable-libssp --enable-libitm --enable-lto --disable-bootstrap --with-system-zlib --with-linker-hash-style=gnu --enable-linker-build-id --with-ppl=no --with-cloog=no --enable-checking=release --enable-cheaders=c_global --without-isl --with-gxx-include-dir=/not/exist/usr/include/c++/11.2.0 --with-build-time-tools=/yocto/jenkins/workspace/ts_Yocto_AXCF1152_release_22.6.x/axcf2152_build/tmp/work/x86_64-nativesdk-pokysdk-linux/gcc-cross-canadian-arm/11.2.0-r0/recipe-sysroot-native/usr/arm-pxc-linux-gnueabi/bin --with-sysroot=/not/exist --with-build-sysroot=/yocto/jenkins/workspace/ts_Yocto_AXCF1152_release_22.6.x/axcf2152_build/tmp/work/x86_64-nativesdk-pokysdk-linux/gcc-cross-canadian-arm/11.2.0-r0/recipe-sysroot --enable-standard-branch-protection --enable-poison-system-directories --disable-static --enable-nls --with-glibc-version=2.28 --enable-initfini-array]
  ignore line: [Thread model: posix]
  ignore line: [Supported LTO compression algorithms: zlib zstd]
  ignore line: [gcc version 11.2.0 (GCC) ]
  ignore line: [COMPILER_PATH=/home/plc2/AXCF2152/sysroots/x86_64-pokysdk-linux/usr/libexec/arm-pxc-linux-gnueabi/gcc/arm-pxc-linux-gnueabi/11.2.0/:/home/plc2/AXCF2152/sysroots/x86_64-pokysdk-linux/usr/libexec/arm-pxc-linux-gnueabi/gcc/arm-pxc-linux-gnueabi/11.2.0/:/home/plc2/AXCF2152/sysroots/x86_64-pokysdk-linux/usr/libexec/arm-pxc-linux-gnueabi/gcc/arm-pxc-linux-gnueabi/:/home/plc2/AXCF2152/sysroots/x86_64-pokysdk-linux/usr/lib/arm-pxc-linux-gnueabi/gcc/arm-pxc-linux-gnueabi/11.2.0/:/home/plc2/AXCF2152/sysroots/x86_64-pokysdk-linux/usr/lib/arm-pxc-linux-gnueabi/gcc/arm-pxc-linux-gnueabi/]
  ignore line: [LIBRARY_PATH=/home/plc2/AXCF2152/sysroots/x86_64-pokysdk-linux/usr/lib/arm-pxc-linux-gnueabi/gcc/arm-pxc-linux-gnueabi/11.2.0/:/home/plc2/AXCF2152/sysroots/cortexa9t2hf-neon-pxc-linux-gnueabi/lib/:/home/plc2/AXCF2152/sysroots/cortexa9t2hf-neon-pxc-linux-gnueabi/usr/lib/arm-pxc-linux-gnueabi/11.2.0/:/home/plc2/AXCF2152/sysroots/cortexa9t2hf-neon-pxc-linux-gnueabi/usr/lib/]
  ignore line: [COLLECT_GCC_OPTIONS='-mfpu=neon' '-mfloat-abi=hard' '-mthumb' '-mfpu=neon' '-mfloat-abi=hard' '-mcpu=cortex-a9' '-v' '-o' 'cmTC_e0083' '-mtls-dialect=gnu' '-mlibarch=armv7-a+mp+sec+simd' '-march=armv7-a+mp+sec+simd' '-dumpdir' 'cmTC_e0083.']
  link line: [ /home/plc2/AXCF2152/sysroots/x86_64-pokysdk-linux/usr/libexec/arm-pxc-linux-gnueabi/gcc/arm-pxc-linux-gnueabi/11.2.0/collect2 -plugin /home/plc2/AXCF2152/sysroots/x86_64-pokysdk-linux/usr/libexec/arm-pxc-linux-gnueabi/gcc/arm-pxc-linux-gnueabi/11.2.0/liblto_plugin.so -plugin-opt=/home/plc2/AXCF2152/sysroots/x86_64-pokysdk-linux/usr/libexec/arm-pxc-linux-gnueabi/gcc/arm-pxc-linux-gnueabi/11.2.0/lto-wrapper -plugin-opt=-fresolution=/tmp/ccUtgWbG.res -plugin-opt=-pass-through=-lgcc -plugin-opt=-pass-through=-lgcc_s -plugin-opt=-pass-through=-lc -plugin-opt=-pass-through=-lgcc -plugin-opt=-pass-through=-lgcc_s --sysroot=/home/plc2/AXCF2152/sysroots/cortexa9t2hf-neon-pxc-linux-gnueabi --build-id --eh-frame-hdr --hash-style=gnu -dynamic-linker /lib/ld-linux-armhf.so.3 -X -m armelf_linux_eabi -pie -o cmTC_e0083 /home/plc2/AXCF2152/sysroots/cortexa9t2hf-neon-pxc-linux-gnueabi/usr/lib/Scrt1.o /home/plc2/AXCF2152/sysroots/cortexa9t2hf-neon-pxc-linux-gnueabi/usr/lib/crti.o /home/plc2/AXCF2152/sysroots/cortexa9t2hf-neon-pxc-linux-gnueabi/usr/lib/arm-pxc-linux-gnueabi/11.2.0/crtbeginS.o -L/home/plc2/AXCF2152/sysroots/x86_64-pokysdk-linux/usr/lib/arm-pxc-linux-gnueabi/gcc/arm-pxc-linux-gnueabi/11.2.0 -L/home/plc2/AXCF2152/sysroots/cortexa9t2hf-neon-pxc-linux-gnueabi/lib -L/home/plc2/AXCF2152/sysroots/cortexa9t2hf-neon-pxc-linux-gnueabi/usr/lib/arm-pxc-linux-gnueabi/11.2.0 -L/home/plc2/AXCF2152/sysroots/cortexa9t2hf-neon-pxc-linux-gnueabi/usr/lib CMakeFiles/cmTC_e0083.dir/CMakeCCompilerABI.c.o -lgcc --push-state --as-needed -lgcc_s --pop-state -lc -lgcc --push-state --as-needed -lgcc_s --pop-state /home/plc2/AXCF2152/sysroots/cortexa9t2hf-neon-pxc-linux-gnueabi/usr/lib/arm-pxc-linux-gnueabi/11.2.0/crtendS.o /home/plc2/AXCF2152/sysroots/cortexa9t2hf-neon-pxc-linux-gnueabi/usr/lib/crtn.o]
    arg [/home/plc2/AXCF2152/sysroots/x86_64-pokysdk-linux/usr/libexec/arm-pxc-linux-gnueabi/gcc/arm-pxc-linux-gnueabi/11.2.0/collect2] ==> ignore
    arg [-plugin] ==> ignore
    arg [/home/plc2/AXCF2152/sysroots/x86_64-pokysdk-linux/usr/libexec/arm-pxc-linux-gnueabi/gcc/arm-pxc-linux-gnueabi/11.2.0/liblto_plugin.so] ==> ignore
    arg [-plugin-opt=/home/plc2/AXCF2152/sysroots/x86_64-pokysdk-linux/usr/libexec/arm-pxc-linux-gnueabi/gcc/arm-pxc-linux-gnueabi/11.2.0/lto-wrapper] ==> ignore
    arg [-plugin-opt=-fresolution=/tmp/ccUtgWbG.res] ==> ignore
    arg [-plugin-opt=-pass-through=-lgcc] ==> ignore
    arg [-plugin-opt=-pass-through=-lgcc_s] ==> ignore
    arg [-plugin-opt=-pass-through=-lc] ==> ignore
    arg [-plugin-opt=-pass-through=-lgcc] ==> ignore
    arg [-plugin-opt=-pass-through=-lgcc_s] ==> ignore
    arg [--sysroot=/home/plc2/AXCF2152/sysroots/cortexa9t2hf-neon-pxc-linux-gnueabi] ==> ignore
    arg [--build-id] ==> ignore
    arg [--eh-frame-hdr] ==> ignore
    arg [--hash-style=gnu] ==> ignore
    arg [-dynamic-linker] ==> ignore
    arg [/lib/ld-linux-armhf.so.3] ==> ignore
    arg [-X] ==> ignore
    arg [-m] ==> ignore
    arg [armelf_linux_eabi] ==> ignore
    arg [-pie] ==> ignore
    arg [-o] ==> ignore
    arg [cmTC_e0083] ==> ignore
    arg [/home/plc2/AXCF2152/sysroots/cortexa9t2hf-neon-pxc-linux-gnueabi/usr/lib/Scrt1.o] ==> ignore
    arg [/home/plc2/AXCF2152/sysroots/cortexa9t2hf-neon-pxc-linux-gnueabi/usr/lib/crti.o] ==> ignore
    arg [/home/plc2/AXCF2152/sysroots/cortexa9t2hf-neon-pxc-linux-gnueabi/usr/lib/arm-pxc-linux-gnueabi/11.2.0/crtbeginS.o] ==> ignore
    arg [-L/home/plc2/AXCF2152/sysroots/x86_64-pokysdk-linux/usr/lib/arm-pxc-linux-gnueabi/gcc/arm-pxc-linux-gnueabi/11.2.0] ==> dir [/home/plc2/AXCF2152/sysroots/x86_64-pokysdk-linux/usr/lib/arm-pxc-linux-gnueabi/gcc/arm-pxc-linux-gnueabi/11.2.0]
    arg [-L/home/plc2/AXCF2152/sysroots/cortexa9t2hf-neon-pxc-linux-gnueabi/lib] ==> dir [/home/plc2/AXCF2152/sysroots/cortexa9t2hf-neon-pxc-linux-gnueabi/lib]
    arg [-L/home/plc2/AXCF2152/sysroots/cortexa9t2hf-neon-pxc-linux-gnueabi/usr/lib/arm-pxc-linux-gnueabi/11.2.0] ==> dir [/home/plc2/AXCF2152/sysroots/cortexa9t2hf-neon-pxc-linux-gnueabi/usr/lib/arm-pxc-linux-gnueabi/11.2.0]
    arg [-L/home/plc2/AXCF2152/sysroots/cortexa9t2hf-neon-pxc-linux-gnueabi/usr/lib] ==> dir [/home/plc2/AXCF2152/sysroots/cortexa9t2hf-neon-pxc-linux-gnueabi/usr/lib]
    arg [CMakeFiles/cmTC_e0083.dir/CMakeCCompilerABI.c.o] ==> ignore
    arg [-lgcc] ==> lib [gcc]
    arg [--push-state] ==> ignore
    arg [--as-needed] ==> ignore
    arg [-lgcc_s] ==> lib [gcc_s]
    arg [--pop-state] ==> ignore
    arg [-lc] ==> lib [c]
    arg [-lgcc] ==> lib [gcc]
    arg [--push-state] ==> ignore
    arg [--as-needed] ==> ignore
    arg [-lgcc_s] ==> lib [gcc_s]
    arg [--pop-state] ==> ignore
    arg [/home/plc2/AXCF2152/sysroots/cortexa9t2hf-neon-pxc-linux-gnueabi/usr/lib/arm-pxc-linux-gnueabi/11.2.0/crtendS.o] ==> ignore
    arg [/home/plc2/AXCF2152/sysroots/cortexa9t2hf-neon-pxc-linux-gnueabi/usr/lib/crtn.o] ==> ignore
  collapse library dir [/home/plc2/AXCF2152/sysroots/x86_64-pokysdk-linux/usr/lib/arm-pxc-linux-gnueabi/gcc/arm-pxc-linux-gnueabi/11.2.0] ==> [/home/plc2/AXCF2152/sysroots/x86_64-pokysdk-linux/usr/lib/arm-pxc-linux-gnueabi/gcc/arm-pxc-linux-gnueabi/11.2.0]
  collapse library dir [/home/plc2/AXCF2152/sysroots/cortexa9t2hf-neon-pxc-linux-gnueabi/lib] ==> [/home/plc2/AXCF2152/sysroots/cortexa9t2hf-neon-pxc-linux-gnueabi/lib]
  collapse library dir [/home/plc2/AXCF2152/sysroots/cortexa9t2hf-neon-pxc-linux-gnueabi/usr/lib/arm-pxc-linux-gnueabi/11.2.0] ==> [/home/plc2/AXCF2152/sysroots/cortexa9t2hf-neon-pxc-linux-gnueabi/usr/lib/arm-pxc-linux-gnueabi/11.2.0]
  collapse library dir [/home/plc2/AXCF2152/sysroots/cortexa9t2hf-neon-pxc-linux-gnueabi/usr/lib] ==> [/home/plc2/AXCF2152/sysroots/cortexa9t2hf-neon-pxc-linux-gnueabi/usr/lib]
  implicit libs: [gcc;gcc_s;c;gcc;gcc_s]
  implicit dirs: [/home/plc2/AXCF2152/sysroots/x86_64-pokysdk-linux/usr/lib/arm-pxc-linux-gnueabi/gcc/arm-pxc-linux-gnueabi/11.2.0;/home/plc2/AXCF2152/sysroots/cortexa9t2hf-neon-pxc-linux-gnueabi/lib;/home/plc2/AXCF2152/sysroots/cortexa9t2hf-neon-pxc-linux-gnueabi/usr/lib/arm-pxc-linux-gnueabi/11.2.0;/home/plc2/AXCF2152/sysroots/cortexa9t2hf-neon-pxc-linux-gnueabi/usr/lib]
  implicit fwks: []




Detecting C [-std=c11] compiler features compiled with the following output:
Change Dir: /home/plc2/work/NewProject1/intermediate/cmake/AXCF2152,22.6.0.43/Release/CMakeFiles/CMakeTmp

Run Build Command:"/usr/bin/make" "cmTC_5c48b/fast"
/usr/bin/make -f CMakeFiles/cmTC_5c48b.dir/build.make CMakeFiles/cmTC_5c48b.dir/build
make[1]: Entering directory '/home/plc2/work/NewProject1/intermediate/cmake/AXCF2152,22.6.0.43/Release/CMakeFiles/CMakeTmp'
Building C object CMakeFiles/cmTC_5c48b.dir/feature_tests.c.o
/home/plc2/AXCF2152/sysroots/x86_64-pokysdk-linux/usr/bin/arm-pxc-linux-gnueabi/arm-pxc-linux-gnueabi-gcc --sysroot=/home/plc2/AXCF2152/sysroots/cortexa9t2hf-neon-pxc-linux-gnueabi   -mthumb -mfpu=neon -mfloat-abi=hard -mcpu=cortex-a9    -std=c11 -o CMakeFiles/cmTC_5c48b.dir/feature_tests.c.o   -c /home/plc2/work/NewProject1/intermediate/cmake/AXCF2152,22.6.0.43/Release/CMakeFiles/feature_tests.c
Linking C executable cmTC_5c48b
/home/plc2/plcncli/cmake/bin/cmake -E cmake_link_script CMakeFiles/cmTC_5c48b.dir/link.txt --verbose=1
/home/plc2/AXCF2152/sysroots/x86_64-pokysdk-linux/usr/bin/arm-pxc-linux-gnueabi/arm-pxc-linux-gnueabi-gcc --sysroot=/home/plc2/AXCF2152/sysroots/cortexa9t2hf-neon-pxc-linux-gnueabi   -mthumb -mfpu=neon -mfloat-abi=hard -mcpu=cortex-a9    -mthumb -mfpu=neon -mfloat-abi=hard -mcpu=cortex-a9   CMakeFiles/cmTC_5c48b.dir/feature_tests.c.o  -o cmTC_5c48b 
make[1]: Leaving directory '/home/plc2/work/NewProject1/intermediate/cmake/AXCF2152,22.6.0.43/Release/CMakeFiles/CMakeTmp'


    Feature record: C_FEATURE:1c_function_prototypes
    Feature record: C_FEATURE:1c_restrict
    Feature record: C_FEATURE:1c_static_assert
    Feature record: C_FEATURE:1c_variadic_macros


Detecting C [-std=c99] compiler features compiled with the following output:
Change Dir: /home/plc2/work/NewProject1/intermediate/cmake/AXCF2152,22.6.0.43/Release/CMakeFiles/CMakeTmp

Run Build Command:"/usr/bin/make" "cmTC_97a94/fast"
/usr/bin/make -f CMakeFiles/cmTC_97a94.dir/build.make CMakeFiles/cmTC_97a94.dir/build
make[1]: Entering directory '/home/plc2/work/NewProject1/intermediate/cmake/AXCF2152,22.6.0.43/Release/CMakeFiles/CMakeTmp'
Building C object CMakeFiles/cmTC_97a94.dir/feature_tests.c.o
/home/plc2/AXCF2152/sysroots/x86_64-pokysdk-linux/usr/bin/arm-pxc-linux-gnueabi/arm-pxc-linux-gnueabi-gcc --sysroot=/home/plc2/AXCF2152/sysroots/cortexa9t2hf-neon-pxc-linux-gnueabi   -mthumb -mfpu=neon -mfloat-abi=hard -mcpu=cortex-a9    -std=c99 -o CMakeFiles/cmTC_97a94.dir/feature_tests.c.o   -c /home/plc2/work/NewProject1/intermediate/cmake/AXCF2152,22.6.0.43/Release/CMakeFiles/feature_tests.c
Linking C executable cmTC_97a94
/home/plc2/plcncli/cmake/bin/cmake -E cmake_link_script CMakeFiles/cmTC_97a94.dir/link.txt --verbose=1
/home/plc2/AXCF2152/sysroots/x86_64-pokysdk-linux/usr/bin/arm-pxc-linux-gnueabi/arm-pxc-linux-gnueabi-gcc --sysroot=/home/plc2/AXCF2152/sysroots/cortexa9t2hf-neon-pxc-linux-gnueabi   -mthumb -mfpu=neon -mfloat-abi=hard -mcpu=cortex-a9    -mthumb -mfpu=neon -mfloat-abi=hard -mcpu=cortex-a9   CMakeFiles/cmTC_97a94.dir/feature_tests.c.o  -o cmTC_97a94 
make[1]: Leaving directory '/home/plc2/work/NewProject1/intermediate/cmake/AXCF2152,22.6.0.43/Release/CMakeFiles/CMakeTmp'


    Feature record: C_FEATURE:1c_function_prototypes
    Feature record: C_FEATURE:1c_restrict
    Feature record: C_FEATURE:0c_static_assert
    Feature record: C_FEATURE:1c_variadic_macros


Detecting C [-std=c90] compiler features compiled with the following output:
Change Dir: /home/plc2/work/NewProject1/intermediate/cmake/AXCF2152,22.6.0.43/Release/CMakeFiles/CMakeTmp

Run Build Command:"/usr/bin/make" "cmTC_2befb/fast"
/usr/bin/make -f CMakeFiles/cmTC_2befb.dir/build.make CMakeFiles/cmTC_2befb.dir/build
make[1]: Entering directory '/home/plc2/work/NewProject1/intermediate/cmake/AXCF2152,22.6.0.43/Release/CMakeFiles/CMakeTmp'
Building C object CMakeFiles/cmTC_2befb.dir/feature_tests.c.o
/home/plc2/AXCF2152/sysroots/x86_64-pokysdk-linux/usr/bin/arm-pxc-linux-gnueabi/arm-pxc-linux-gnueabi-gcc --sysroot=/home/plc2/AXCF2152/sysroots/cortexa9t2hf-neon-pxc-linux-gnueabi   -mthumb -mfpu=neon -mfloat-abi=hard -mcpu=cortex-a9    -std=c90 -o CMakeFiles/cmTC_2befb.dir/feature_tests.c.o   -c /home/plc2/work/NewProject1/intermediate/cmake/AXCF2152,22.6.0.43/Release/CMakeFiles/feature_tests.c
Linking C executable cmTC_2befb
/home/plc2/plcncli/cmake/bin/cmake -E cmake_link_script CMakeFiles/cmTC_2befb.dir/link.txt --verbose=1
/home/plc2/AXCF2152/sysroots/x86_64-pokysdk-linux/usr/bin/arm-pxc-linux-gnueabi/arm-pxc-linux-gnueabi-gcc --sysroot=/home/plc2/AXCF2152/sysroots/cortexa9t2hf-neon-pxc-linux-gnueabi   -mthumb -mfpu=neon -mfloat-abi=hard -mcpu=cortex-a9    -mthumb -mfpu=neon -mfloat-abi=hard -mcpu=cortex-a9   CMakeFiles/cmTC_2befb.dir/feature_tests.c.o  -o cmTC_2befb 
make[1]: Leaving directory '/home/plc2/work/NewProject1/intermediate/cmake/AXCF2152,22.6.0.43/Release/CMakeFiles/CMakeTmp'


    Feature record: C_FEATURE:1c_function_prototypes
    Feature record: C_FEATURE:0c_restrict
    Feature record: C_FEATURE:0c_static_assert
    Feature record: C_FEATURE:0c_variadic_macros
Determining if the CXX compiler works passed with the following output:
Change Dir: /home/plc2/work/NewProject1/intermediate/cmake/AXCF2152,22.6.0.43/Release/CMakeFiles/CMakeTmp

Run Build Command:"/usr/bin/make" "cmTC_7bbef/fast"
/usr/bin/make -f CMakeFiles/cmTC_7bbef.dir/build.make CMakeFiles/cmTC_7bbef.dir/build
make[1]: Entering directory '/home/plc2/work/NewProject1/intermediate/cmake/AXCF2152,22.6.0.43/Release/CMakeFiles/CMakeTmp'
Building CXX object CMakeFiles/cmTC_7bbef.dir/testCXXCompiler.cxx.o
/home/plc2/AXCF2152/sysroots/x86_64-pokysdk-linux/usr/bin/arm-pxc-linux-gnueabi/arm-pxc-linux-gnueabi-g++ --sysroot=/home/plc2/AXCF2152/sysroots/cortexa9t2hf-neon-pxc-linux-gnueabi    -mthumb -mfpu=neon -mfloat-abi=hard -mcpu=cortex-a9    -std=c++17 -o CMakeFiles/cmTC_7bbef.dir/testCXXCompiler.cxx.o -c /home/plc2/work/NewProject1/intermediate/cmake/AXCF2152,22.6.0.43/Release/CMakeFiles/CMakeTmp/testCXXCompiler.cxx
Linking CXX executable cmTC_7bbef
/home/plc2/plcncli/cmake/bin/cmake -E cmake_link_script CMakeFiles/cmTC_7bbef.dir/link.txt --verbose=1
/home/plc2/AXCF2152/sysroots/x86_64-pokysdk-linux/usr/bin/arm-pxc-linux-gnueabi/arm-pxc-linux-gnueabi-g++ --sysroot=/home/plc2/AXCF2152/sysroots/cortexa9t2hf-neon-pxc-linux-gnueabi    -mthumb -mfpu=neon -mfloat-abi=hard -mcpu=cortex-a9    -mthumb -mfpu=neon -mfloat-abi=hard -mcpu=cortex-a9   CMakeFiles/cmTC_7bbef.dir/testCXXCompiler.cxx.o  -o cmTC_7bbef 
make[1]: Leaving directory '/home/plc2/work/NewProject1/intermediate/cmake/AXCF2152,22.6.0.43/Release/CMakeFiles/CMakeTmp'


Detecting CXX compiler ABI info compiled with the following output:
Change Dir: /home/plc2/work/NewProject1/intermediate/cmake/AXCF2152,22.6.0.43/Release/CMakeFiles/CMakeTmp

Run Build Command:"/usr/bin/make" "cmTC_1e77b/fast"
/usr/bin/make -f CMakeFiles/cmTC_1e77b.dir/build.make CMakeFiles/cmTC_1e77b.dir/build
make[1]: Entering directory '/home/plc2/work/NewProject1/intermediate/cmake/AXCF2152,22.6.0.43/Release/CMakeFiles/CMakeTmp'
Building CXX object CMakeFiles/cmTC_1e77b.dir/CMakeCXXCompilerABI.cpp.o
/home/plc2/AXCF2152/sysroots/x86_64-pokysdk-linux/usr/bin/arm-pxc-linux-gnueabi/arm-pxc-linux-gnueabi-g++ --sysroot=/home/plc2/AXCF2152/sysroots/cortexa9t2hf-neon-pxc-linux-gnueabi    -mthumb -mfpu=neon -mfloat-abi=hard -mcpu=cortex-a9    -std=c++17 -o CMakeFiles/cmTC_1e77b.dir/CMakeCXXCompilerABI.cpp.o -c /home/plc2/plcncli/cmake/share/cmake-3.13/Modules/CMakeCXXCompilerABI.cpp
Linking CXX executable cmTC_1e77b
/home/plc2/plcncli/cmake/bin/cmake -E cmake_link_script CMakeFiles/cmTC_1e77b.dir/link.txt --verbose=1
/home/plc2/AXCF2152/sysroots/x86_64-pokysdk-linux/usr/bin/arm-pxc-linux-gnueabi/arm-pxc-linux-gnueabi-g++ --sysroot=/home/plc2/AXCF2152/sysroots/cortexa9t2hf-neon-pxc-linux-gnueabi    -mthumb -mfpu=neon -mfloat-abi=hard -mcpu=cortex-a9    -mthumb -mfpu=neon -mfloat-abi=hard -mcpu=cortex-a9  -v CMakeFiles/cmTC_1e77b.dir/CMakeCXXCompilerABI.cpp.o  -o cmTC_1e77b 
Using built-in specs.
COLLECT_GCC=/home/plc2/AXCF2152/sysroots/x86_64-pokysdk-linux/usr/bin/arm-pxc-linux-gnueabi/arm-pxc-linux-gnueabi-g++
COLLECT_LTO_WRAPPER=/home/plc2/AXCF2152/sysroots/x86_64-pokysdk-linux/usr/libexec/arm-pxc-linux-gnueabi/gcc/arm-pxc-linux-gnueabi/11.2.0/lto-wrapper
Target: arm-pxc-linux-gnueabi
Configured with: ../../../../../../work-shared/gcc-11.2.0-r0/gcc-11.2.0/configure --build=x86_64-linux --host=x86_64-pokysdk-linux --target=arm-pxc-linux-gnueabi --prefix=/usr/local/oe-sdk-hardcoded-buildpath/sysroots/x86_64-pokysdk-linux/usr --exec_prefix=/usr/local/oe-sdk-hardcoded-buildpath/sysroots/x86_64-pokysdk-linux/usr --bindir=/usr/local/oe-sdk-hardcoded-buildpath/sysroots/x86_64-pokysdk-linux/usr/bin/arm-pxc-linux-gnueabi --sbindir=/usr/local/oe-sdk-hardcoded-buildpath/sysroots/x86_64-pokysdk-linux/usr/bin/arm-pxc-linux-gnueabi --libexecdir=/usr/local/oe-sdk-hardcoded-buildpath/sysroots/x86_64-pokysdk-linux/usr/libexec/arm-pxc-linux-gnueabi --datadir=/usr/local/oe-sdk-hardcoded-buildpath/sysroots/x86_64-pokysdk-linux/usr/share --sysconfdir=/usr/local/oe-sdk-hardcoded-buildpath/sysroots/x86_64-pokysdk-linux/etc --sharedstatedir=/usr/local/oe-sdk-hardcoded-buildpath/sysroots/x86_64-pokysdk-linux/com --localstatedir=/usr/local/oe-sdk-hardcoded-buildpath/sysroots/x86_64-pokysdk-linux/var --libdir=/usr/local/oe-sdk-hardcoded-buildpath/sysroots/x86_64-pokysdk-linux/usr/lib/arm-pxc-linux-gnueabi --includedir=/usr/local/oe-sdk-hardcoded-buildpath/sysroots/x86_64-pokysdk-linux/usr/include --oldincludedir=/usr/local/oe-sdk-hardcoded-buildpath/sysroots/x86_64-pokysdk-linux/usr/include --infodir=/usr/local/oe-sdk-hardcoded-buildpath/sysroots/x86_64-pokysdk-linux/usr/share/info --mandir=/usr/local/oe-sdk-hardcoded-buildpath/sysroots/x86_64-pokysdk-linux/usr/share/man --disable-silent-rules --disable-dependency-tracking --with-libtool-sysroot=/yocto/jenkins/workspace/ts_Yocto_AXCF1152_release_22.6.x/axcf2152_build/tmp/work/x86_64-nativesdk-pokysdk-linux/gcc-cross-canadian-arm/11.2.0-r0/recipe-sysroot --with-gnu-ld --enable-shared --enable-languages=c,c++ --enable-threads=posix --enable-multilib --enable-default-pie --enable-c99 --enable-long-long --enable-symvers=gnu --enable-libstdcxx-pch --program-prefix=arm-pxc-linux-gnueabi- --without-local-prefix --disable-install-libiberty --disable-libssp --enable-libitm --enable-lto --disable-bootstrap --with-system-zlib --with-linker-hash-style=gnu --enable-linker-build-id --with-ppl=no --with-cloog=no --enable-checking=release --enable-cheaders=c_global --without-isl --with-gxx-include-dir=/not/exist/usr/include/c++/11.2.0 --with-build-time-tools=/yocto/jenkins/workspace/ts_Yocto_AXCF1152_release_22.6.x/axcf2152_build/tmp/work/x86_64-nativesdk-pokysdk-linux/gcc-cross-canadian-arm/11.2.0-r0/recipe-sysroot-native/usr/arm-pxc-linux-gnueabi/bin --with-sysroot=/not/exist --with-build-sysroot=/yocto/jenkins/workspace/ts_Yocto_AXCF1152_release_22.6.x/axcf2152_build/tmp/work/x86_64-nativesdk-pokysdk-linux/gcc-cross-canadian-arm/11.2.0-r0/recipe-sysroot --enable-standard-branch-protection --enable-poison-system-directories --disable-static --enable-nls --with-glibc-version=2.28 --enable-initfini-array
Thread model: posix
Supported LTO compression algorithms: zlib zstd
gcc version 11.2.0 (GCC) 
COMPILER_PATH=/home/plc2/AXCF2152/sysroots/x86_64-pokysdk-linux/usr/libexec/arm-pxc-linux-gnueabi/gcc/arm-pxc-linux-gnueabi/11.2.0/:/home/plc2/AXCF2152/sysroots/x86_64-pokysdk-linux/usr/libexec/arm-pxc-linux-gnueabi/gcc/arm-pxc-linux-gnueabi/11.2.0/:/home/plc2/AXCF2152/sysroots/x86_64-pokysdk-linux/usr/libexec/arm-pxc-linux-gnueabi/gcc/arm-pxc-linux-gnueabi/:/home/plc2/AXCF2152/sysroots/x86_64-pokysdk-linux/usr/lib/arm-pxc-linux-gnueabi/gcc/arm-pxc-linux-gnueabi/11.2.0/:/home/plc2/AXCF2152/sysroots/x86_64-pokysdk-linux/usr/lib/arm-pxc-linux-gnueabi/gcc/arm-pxc-linux-gnueabi/
LIBRARY_PATH=/home/plc2/AXCF2152/sysroots/x86_64-pokysdk-linux/usr/lib/arm-pxc-linux-gnueabi/gcc/arm-pxc-linux-gnueabi/11.2.0/:/home/plc2/AXCF2152/sysroots/cortexa9t2hf-neon-pxc-linux-gnueabi/lib/:/home/plc2/AXCF2152/sysroots/cortexa9t2hf-neon-pxc-linux-gnueabi/usr/lib/arm-pxc-linux-gnueabi/11.2.0/:/home/plc2/AXCF2152/sysroots/cortexa9t2hf-neon-pxc-linux-gnueabi/usr/lib/
COLLECT_GCC_OPTIONS='-mfpu=neon' '-mfloat-abi=hard' '-mthumb' '-mfpu=neon' '-mfloat-abi=hard' '-mcpu=cortex-a9' '-v' '-o' 'cmTC_1e77b' '-shared-libgcc' '-mtls-dialect=gnu' '-mlibarch=armv7-a+mp+sec+simd' '-march=armv7-a+mp+sec+simd' '-dumpdir' 'cmTC_1e77b.'
 /home/plc2/AXCF2152/sysroots/x86_64-pokysdk-linux/usr/libexec/arm-pxc-linux-gnueabi/gcc/arm-pxc-linux-gnueabi/11.2.0/collect2 -plugin /home/plc2/AXCF2152/sysroots/x86_64-pokysdk-linux/usr/libexec/arm-pxc-linux-gnueabi/gcc/arm-pxc-linux-gnueabi/11.2.0/liblto_plugin.so -plugin-opt=/home/plc2/AXCF2152/sysroots/x86_64-pokysdk-linux/usr/libexec/arm-pxc-linux-gnueabi/gcc/arm-pxc-linux-gnueabi/11.2.0/lto-wrapper -plugin-opt=-fresolution=/tmp/ccrQCEde.res -plugin-opt=-pass-through=-lgcc_s -plugin-opt=-pass-through=-lgcc -plugin-opt=-pass-through=-lc -plugin-opt=-pass-through=-lgcc_s -plugin-opt=-pass-through=-lgcc --sysroot=/home/plc2/AXCF2152/sysroots/cortexa9t2hf-neon-pxc-linux-gnueabi --build-id --eh-frame-hdr --hash-style=gnu -dynamic-linker /lib/ld-linux-armhf.so.3 -X -m armelf_linux_eabi -pie -o cmTC_1e77b /home/plc2/AXCF2152/sysroots/cortexa9t2hf-neon-pxc-linux-gnueabi/usr/lib/Scrt1.o /home/plc2/AXCF2152/sysroots/cortexa9t2hf-neon-pxc-linux-gnueabi/usr/lib/crti.o /home/plc2/AXCF2152/sysroots/cortexa9t2hf-neon-pxc-linux-gnueabi/usr/lib/arm-pxc-linux-gnueabi/11.2.0/crtbeginS.o -L/home/plc2/AXCF2152/sysroots/x86_64-pokysdk-linux/usr/lib/arm-pxc-linux-gnueabi/gcc/arm-pxc-linux-gnueabi/11.2.0 -L/home/plc2/AXCF2152/sysroots/cortexa9t2hf-neon-pxc-linux-gnueabi/lib -L/home/plc2/AXCF2152/sysroots/cortexa9t2hf-neon-pxc-linux-gnueabi/usr/lib/arm-pxc-linux-gnueabi/11.2.0 -L/home/plc2/AXCF2152/sysroots/cortexa9t2hf-neon-pxc-linux-gnueabi/usr/lib CMakeFiles/cmTC_1e77b.dir/CMakeCXXCompilerABI.cpp.o -lstdc++ -lm -lgcc_s -lgcc -lc -lgcc_s -lgcc /home/plc2/AXCF2152/sysroots/cortexa9t2hf-neon-pxc-linux-gnueabi/usr/lib/arm-pxc-linux-gnueabi/11.2.0/crtendS.o /home/plc2/AXCF2152/sysroots/cortexa9t2hf-neon-pxc-linux-gnueabi/usr/lib/crtn.o
COLLECT_GCC_OPTIONS='-mfpu=neon' '-mfloat-abi=hard' '-mthumb' '-mfpu=neon' '-mfloat-abi=hard' '-mcpu=cortex-a9' '-v' '-o' 'cmTC_1e77b' '-shared-libgcc' '-mtls-dialect=gnu' '-mlibarch=armv7-a+mp+sec+simd' '-march=armv7-a+mp+sec+simd' '-dumpdir' 'cmTC_1e77b.'
make[1]: Leaving directory '/home/plc2/work/NewProject1/intermediate/cmake/AXCF2152,22.6.0.43/Release/CMakeFiles/CMakeTmp'


Parsed CXX implicit link information from above output:
  link line regex: [^( *|.*[/\])(arm-pxc-linux-gnueabi-ld|CMAKE_LINK_STARTFILE-NOTFOUND|([^/\]+-)?ld|collect2)[^/\]*( |$)]
  ignore line: [Change Dir: /home/plc2/work/NewProject1/intermediate/cmake/AXCF2152,22.6.0.43/Release/CMakeFiles/CMakeTmp]
  ignore line: []
  ignore line: [Run Build Command:"/usr/bin/make" "cmTC_1e77b/fast"]
  ignore line: [/usr/bin/make -f CMakeFiles/cmTC_1e77b.dir/build.make CMakeFiles/cmTC_1e77b.dir/build]
  ignore line: [make[1]: Entering directory '/home/plc2/work/NewProject1/intermediate/cmake/AXCF2152,22.6.0.43/Release/CMakeFiles/CMakeTmp']
  ignore line: [Building CXX object CMakeFiles/cmTC_1e77b.dir/CMakeCXXCompilerABI.cpp.o]
  ignore line: [/home/plc2/AXCF2152/sysroots/x86_64-pokysdk-linux/usr/bin/arm-pxc-linux-gnueabi/arm-pxc-linux-gnueabi-g++ --sysroot=/home/plc2/AXCF2152/sysroots/cortexa9t2hf-neon-pxc-linux-gnueabi    -mthumb -mfpu=neon -mfloat-abi=hard -mcpu=cortex-a9    -std=c++17 -o CMakeFiles/cmTC_1e77b.dir/CMakeCXXCompilerABI.cpp.o -c /home/plc2/plcncli/cmake/share/cmake-3.13/Modules/CMakeCXXCompilerABI.cpp]
  ignore line: [Linking CXX executable cmTC_1e77b]
  ignore line: [/home/plc2/plcncli/cmake/bin/cmake -E cmake_link_script CMakeFiles/cmTC_1e77b.dir/link.txt --verbose=1]
  ignore line: [/home/plc2/AXCF2152/sysroots/x86_64-pokysdk-linux/usr/bin/arm-pxc-linux-gnueabi/arm-pxc-linux-gnueabi-g++ --sysroot=/home/plc2/AXCF2152/sysroots/cortexa9t2hf-neon-pxc-linux-gnueabi    -mthumb -mfpu=neon -mfloat-abi=hard -mcpu=cortex-a9    -mthumb -mfpu=neon -mfloat-abi=hard -mcpu=cortex-a9  -v CMakeFiles/cmTC_1e77b.dir/CMakeCXXCompilerABI.cpp.o  -o cmTC_1e77b ]
  ignore line: [Using built-in specs.]
  ignore line: [COLLECT_GCC=/home/plc2/AXCF2152/sysroots/x86_64-pokysdk-linux/usr/bin/arm-pxc-linux-gnueabi/arm-pxc-linux-gnueabi-g++]
  ignore line: [COLLECT_LTO_WRAPPER=/home/plc2/AXCF2152/sysroots/x86_64-pokysdk-linux/usr/libexec/arm-pxc-linux-gnueabi/gcc/arm-pxc-linux-gnueabi/11.2.0/lto-wrapper]
  ignore line: [Target: arm-pxc-linux-gnueabi]
  ignore line: [Configured with: ../../../../../../work-shared/gcc-11.2.0-r0/gcc-11.2.0/configure --build=x86_64-linux --host=x86_64-pokysdk-linux --target=arm-pxc-linux-gnueabi --prefix=/usr/local/oe-sdk-hardcoded-buildpath/sysroots/x86_64-pokysdk-linux/usr --exec_prefix=/usr/local/oe-sdk-hardcoded-buildpath/sysroots/x86_64-pokysdk-linux/usr --bindir=/usr/local/oe-sdk-hardcoded-buildpath/sysroots/x86_64-pokysdk-linux/usr/bin/arm-pxc-linux-gnueabi --sbindir=/usr/local/oe-sdk-hardcoded-buildpath/sysroots/x86_64-pokysdk-linux/usr/bin/arm-pxc-linux-gnueabi --libexecdir=/usr/local/oe-sdk-hardcoded-buildpath/sysroots/x86_64-pokysdk-linux/usr/libexec/arm-pxc-linux-gnueabi --datadir=/usr/local/oe-sdk-hardcoded-buildpath/sysroots/x86_64-pokysdk-linux/usr/share --sysconfdir=/usr/local/oe-sdk-hardcoded-buildpath/sysroots/x86_64-pokysdk-linux/etc --sharedstatedir=/usr/local/oe-sdk-hardcoded-buildpath/sysroots/x86_64-pokysdk-linux/com --localstatedir=/usr/local/oe-sdk-hardcoded-buildpath/sysroots/x86_64-pokysdk-linux/var --libdir=/usr/local/oe-sdk-hardcoded-buildpath/sysroots/x86_64-pokysdk-linux/usr/lib/arm-pxc-linux-gnueabi --includedir=/usr/local/oe-sdk-hardcoded-buildpath/sysroots/x86_64-pokysdk-linux/usr/include --oldincludedir=/usr/local/oe-sdk-hardcoded-buildpath/sysroots/x86_64-pokysdk-linux/usr/include --infodir=/usr/local/oe-sdk-hardcoded-buildpath/sysroots/x86_64-pokysdk-linux/usr/share/info --mandir=/usr/local/oe-sdk-hardcoded-buildpath/sysroots/x86_64-pokysdk-linux/usr/share/man --disable-silent-rules --disable-dependency-tracking --with-libtool-sysroot=/yocto/jenkins/workspace/ts_Yocto_AXCF1152_release_22.6.x/axcf2152_build/tmp/work/x86_64-nativesdk-pokysdk-linux/gcc-cross-canadian-arm/11.2.0-r0/recipe-sysroot --with-gnu-ld --enable-shared --enable-languages=c,c++ --enable-threads=posix --enable-multilib --enable-default-pie --enable-c99 --enable-long-long --enable-symvers=gnu --enable-libstdcxx-pch --program-prefix=arm-pxc-linux-gnueabi- --without-local-prefix --disable-install-libiberty --disable-libssp --enable-libitm --enable-lto --disable-bootstrap --with-system-zlib --with-linker-hash-style=gnu --enable-linker-build-id --with-ppl=no --with-cloog=no --enable-checking=release --enable-cheaders=c_global --without-isl --with-gxx-include-dir=/not/exist/usr/include/c++/11.2.0 --with-build-time-tools=/yocto/jenkins/workspace/ts_Yocto_AXCF1152_release_22.6.x/axcf2152_build/tmp/work/x86_64-nativesdk-pokysdk-linux/gcc-cross-canadian-arm/11.2.0-r0/recipe-sysroot-native/usr/arm-pxc-linux-gnueabi/bin --with-sysroot=/not/exist --with-build-sysroot=/yocto/jenkins/workspace/ts_Yocto_AXCF1152_release_22.6.x/axcf2152_build/tmp/work/x86_64-nativesdk-pokysdk-linux/gcc-cross-canadian-arm/11.2.0-r0/recipe-sysroot --enable-standard-branch-protection --enable-poison-system-directories --disable-static --enable-nls --with-glibc-version=2.28 --enable-initfini-array]
  ignore line: [Thread model: posix]
  ignore line: [Supported LTO compression algorithms: zlib zstd]
  ignore line: [gcc version 11.2.0 (GCC) ]
  ignore line: [COMPILER_PATH=/home/plc2/AXCF2152/sysroots/x86_64-pokysdk-linux/usr/libexec/arm-pxc-linux-gnueabi/gcc/arm-pxc-linux-gnueabi/11.2.0/:/home/plc2/AXCF2152/sysroots/x86_64-pokysdk-linux/usr/libexec/arm-pxc-linux-gnueabi/gcc/arm-pxc-linux-gnueabi/11.2.0/:/home/plc2/AXCF2152/sysroots/x86_64-pokysdk-linux/usr/libexec/arm-pxc-linux-gnueabi/gcc/arm-pxc-linux-gnueabi/:/home/plc2/AXCF2152/sysroots/x86_64-pokysdk-linux/usr/lib/arm-pxc-linux-gnueabi/gcc/arm-pxc-linux-gnueabi/11.2.0/:/home/plc2/AXCF2152/sysroots/x86_64-pokysdk-linux/usr/lib/arm-pxc-linux-gnueabi/gcc/arm-pxc-linux-gnueabi/]
  ignore line: [LIBRARY_PATH=/home/plc2/AXCF2152/sysroots/x86_64-pokysdk-linux/usr/lib/arm-pxc-linux-gnueabi/gcc/arm-pxc-linux-gnueabi/11.2.0/:/home/plc2/AXCF2152/sysroots/cortexa9t2hf-neon-pxc-linux-gnueabi/lib/:/home/plc2/AXCF2152/sysroots/cortexa9t2hf-neon-pxc-linux-gnueabi/usr/lib/arm-pxc-linux-gnueabi/11.2.0/:/home/plc2/AXCF2152/sysroots/cortexa9t2hf-neon-pxc-linux-gnueabi/usr/lib/]
  ignore line: [COLLECT_GCC_OPTIONS='-mfpu=neon' '-mfloat-abi=hard' '-mthumb' '-mfpu=neon' '-mfloat-abi=hard' '-mcpu=cortex-a9' '-v' '-o' 'cmTC_1e77b' '-shared-libgcc' '-mtls-dialect=gnu' '-mlibarch=armv7-a+mp+sec+simd' '-march=armv7-a+mp+sec+simd' '-dumpdir' 'cmTC_1e77b.']
  link line: [ /home/plc2/AXCF2152/sysroots/x86_64-pokysdk-linux/usr/libexec/arm-pxc-linux-gnueabi/gcc/arm-pxc-linux-gnueabi/11.2.0/collect2 -plugin /home/plc2/AXCF2152/sysroots/x86_64-pokysdk-linux/usr/libexec/arm-pxc-linux-gnueabi/gcc/arm-pxc-linux-gnueabi/11.2.0/liblto_plugin.so -plugin-opt=/home/plc2/AXCF2152/sysroots/x86_64-pokysdk-linux/usr/libexec/arm-pxc-linux-gnueabi/gcc/arm-pxc-linux-gnueabi/11.2.0/lto-wrapper -plugin-opt=-fresolution=/tmp/ccrQCEde.res -plugin-opt=-pass-through=-lgcc_s -plugin-opt=-pass-through=-lgcc -plugin-opt=-pass-through=-lc -plugin-opt=-pass-through=-lgcc_s -plugin-opt=-pass-through=-lgcc --sysroot=/home/plc2/AXCF2152/sysroots/cortexa9t2hf-neon-pxc-linux-gnueabi --build-id --eh-frame-hdr --hash-style=gnu -dynamic-linker /lib/ld-linux-armhf.so.3 -X -m armelf_linux_eabi -pie -o cmTC_1e77b /home/plc2/AXCF2152/sysroots/cortexa9t2hf-neon-pxc-linux-gnueabi/usr/lib/Scrt1.o /home/plc2/AXCF2152/sysroots/cortexa9t2hf-neon-pxc-linux-gnueabi/usr/lib/crti.o /home/plc2/AXCF2152/sysroots/cortexa9t2hf-neon-pxc-linux-gnueabi/usr/lib/arm-pxc-linux-gnueabi/11.2.0/crtbeginS.o -L/home/plc2/AXCF2152/sysroots/x86_64-pokysdk-linux/usr/lib/arm-pxc-linux-gnueabi/gcc/arm-pxc-linux-gnueabi/11.2.0 -L/home/plc2/AXCF2152/sysroots/cortexa9t2hf-neon-pxc-linux-gnueabi/lib -L/home/plc2/AXCF2152/sysroots/cortexa9t2hf-neon-pxc-linux-gnueabi/usr/lib/arm-pxc-linux-gnueabi/11.2.0 -L/home/plc2/AXCF2152/sysroots/cortexa9t2hf-neon-pxc-linux-gnueabi/usr/lib CMakeFiles/cmTC_1e77b.dir/CMakeCXXCompilerABI.cpp.o -lstdc++ -lm -lgcc_s -lgcc -lc -lgcc_s -lgcc /home/plc2/AXCF2152/sysroots/cortexa9t2hf-neon-pxc-linux-gnueabi/usr/lib/arm-pxc-linux-gnueabi/11.2.0/crtendS.o /home/plc2/AXCF2152/sysroots/cortexa9t2hf-neon-pxc-linux-gnueabi/usr/lib/crtn.o]
    arg [/home/plc2/AXCF2152/sysroots/x86_64-pokysdk-linux/usr/libexec/arm-pxc-linux-gnueabi/gcc/arm-pxc-linux-gnueabi/11.2.0/collect2] ==> ignore
    arg [-plugin] ==> ignore
    arg [/home/plc2/AXCF2152/sysroots/x86_64-pokysdk-linux/usr/libexec/arm-pxc-linux-gnueabi/gcc/arm-pxc-linux-gnueabi/11.2.0/liblto_plugin.so] ==> ignore
    arg [-plugin-opt=/home/plc2/AXCF2152/sysroots/x86_64-pokysdk-linux/usr/libexec/arm-pxc-linux-gnueabi/gcc/arm-pxc-linux-gnueabi/11.2.0/lto-wrapper] ==> ignore
    arg [-plugin-opt=-fresolution=/tmp/ccrQCEde.res] ==> ignore
    arg [-plugin-opt=-pass-through=-lgcc_s] ==> ignore
    arg [-plugin-opt=-pass-through=-lgcc] ==> ignore
    arg [-plugin-opt=-pass-through=-lc] ==> ignore
    arg [-plugin-opt=-pass-through=-lgcc_s] ==> ignore
    arg [-plugin-opt=-pass-through=-lgcc] ==> ignore
    arg [--sysroot=/home/plc2/AXCF2152/sysroots/cortexa9t2hf-neon-pxc-linux-gnueabi] ==> ignore
    arg [--build-id] ==> ignore
    arg [--eh-frame-hdr] ==> ignore
    arg [--hash-style=gnu] ==> ignore
    arg [-dynamic-linker] ==> ignore
    arg [/lib/ld-linux-armhf.so.3] ==> ignore
    arg [-X] ==> ignore
    arg [-m] ==> ignore
    arg [armelf_linux_eabi] ==> ignore
    arg [-pie] ==> ignore
    arg [-o] ==> ignore
    arg [cmTC_1e77b] ==> ignore
    arg [/home/plc2/AXCF2152/sysroots/cortexa9t2hf-neon-pxc-linux-gnueabi/usr/lib/Scrt1.o] ==> ignore
    arg [/home/plc2/AXCF2152/sysroots/cortexa9t2hf-neon-pxc-linux-gnueabi/usr/lib/crti.o] ==> ignore
    arg [/home/plc2/AXCF2152/sysroots/cortexa9t2hf-neon-pxc-linux-gnueabi/usr/lib/arm-pxc-linux-gnueabi/11.2.0/crtbeginS.o] ==> ignore
    arg [-L/home/plc2/AXCF2152/sysroots/x86_64-pokysdk-linux/usr/lib/arm-pxc-linux-gnueabi/gcc/arm-pxc-linux-gnueabi/11.2.0] ==> dir [/home/plc2/AXCF2152/sysroots/x86_64-pokysdk-linux/usr/lib/arm-pxc-linux-gnueabi/gcc/arm-pxc-linux-gnueabi/11.2.0]
    arg [-L/home/plc2/AXCF2152/sysroots/cortexa9t2hf-neon-pxc-linux-gnueabi/lib] ==> dir [/home/plc2/AXCF2152/sysroots/cortexa9t2hf-neon-pxc-linux-gnueabi/lib]
    arg [-L/home/plc2/AXCF2152/sysroots/cortexa9t2hf-neon-pxc-linux-gnueabi/usr/lib/arm-pxc-linux-gnueabi/11.2.0] ==> dir [/home/plc2/AXCF2152/sysroots/cortexa9t2hf-neon-pxc-linux-gnueabi/usr/lib/arm-pxc-linux-gnueabi/11.2.0]
    arg [-L/home/plc2/AXCF2152/sysroots/cortexa9t2hf-neon-pxc-linux-gnueabi/usr/lib] ==> dir [/home/plc2/AXCF2152/sysroots/cortexa9t2hf-neon-pxc-linux-gnueabi/usr/lib]
    arg [CMakeFiles/cmTC_1e77b.dir/CMakeCXXCompilerABI.cpp.o] ==> ignore
    arg [-lstdc++] ==> lib [stdc++]
    arg [-lm] ==> lib [m]
    arg [-lgcc_s] ==> lib [gcc_s]
    arg [-lgcc] ==> lib [gcc]
    arg [-lc] ==> lib [c]
    arg [-lgcc_s] ==> lib [gcc_s]
    arg [-lgcc] ==> lib [gcc]
    arg [/home/plc2/AXCF2152/sysroots/cortexa9t2hf-neon-pxc-linux-gnueabi/usr/lib/arm-pxc-linux-gnueabi/11.2.0/crtendS.o] ==> ignore
    arg [/home/plc2/AXCF2152/sysroots/cortexa9t2hf-neon-pxc-linux-gnueabi/usr/lib/crtn.o] ==> ignore
  collapse library dir [/home/plc2/AXCF2152/sysroots/x86_64-pokysdk-linux/usr/lib/arm-pxc-linux-gnueabi/gcc/arm-pxc-linux-gnueabi/11.2.0] ==> [/home/plc2/AXCF2152/sysroots/x86_64-pokysdk-linux/usr/lib/arm-pxc-linux-gnueabi/gcc/arm-pxc-linux-gnueabi/11.2.0]
  collapse library dir [/home/plc2/AXCF2152/sysroots/cortexa9t2hf-neon-pxc-linux-gnueabi/lib] ==> [/home/plc2/AXCF2152/sysroots/cortexa9t2hf-neon-pxc-linux-gnueabi/lib]
  collapse library dir [/home/plc2/AXCF2152/sysroots/cortexa9t2hf-neon-pxc-linux-gnueabi/usr/lib/arm-pxc-linux-gnueabi/11.2.0] ==> [/home/plc2/AXCF2152/sysroots/cortexa9t2hf-neon-pxc-linux-gnueabi/usr/lib/arm-pxc-linux-gnueabi/11.2.0]
  collapse library dir [/home/plc2/AXCF2152/sysroots/cortexa9t2hf-neon-pxc-linux-gnueabi/usr/lib] ==> [/home/plc2/AXCF2152/sysroots/cortexa9t2hf-neon-pxc-linux-gnueabi/usr/lib]
  implicit libs: [stdc++;m;gcc_s;gcc;c;gcc_s;gcc]
  implicit dirs: [/home/plc2/AXCF2152/sysroots/x86_64-pokysdk-linux/usr/lib/arm-pxc-linux-gnueabi/gcc/arm-pxc-linux-gnueabi/11.2.0;/home/plc2/AXCF2152/sysroots/cortexa9t2hf-neon-pxc-linux-gnueabi/lib;/home/plc2/AXCF2152/sysroots/cortexa9t2hf-neon-pxc-linux-gnueabi/usr/lib/arm-pxc-linux-gnueabi/11.2.0;/home/plc2/AXCF2152/sysroots/cortexa9t2hf-neon-pxc-linux-gnueabi/usr/lib]
  implicit fwks: []




Detecting CXX [-std=c++2a] compiler features compiled with the following output:
Change Dir: /home/plc2/work/NewProject1/intermediate/cmake/AXCF2152,22.6.0.43/Release/CMakeFiles/CMakeTmp

Run Build Command:"/usr/bin/make" "cmTC_c3ebd/fast"
/usr/bin/make -f CMakeFiles/cmTC_c3ebd.dir/build.make CMakeFiles/cmTC_c3ebd.dir/build
make[1]: Entering directory '/home/plc2/work/NewProject1/intermediate/cmake/AXCF2152,22.6.0.43/Release/CMakeFiles/CMakeTmp'
Building CXX object CMakeFiles/cmTC_c3ebd.dir/feature_tests.cxx.o
/home/plc2/AXCF2152/sysroots/x86_64-pokysdk-linux/usr/bin/arm-pxc-linux-gnueabi/arm-pxc-linux-gnueabi-g++ --sysroot=/home/plc2/AXCF2152/sysroots/cortexa9t2hf-neon-pxc-linux-gnueabi    -mthumb -mfpu=neon -mfloat-abi=hard -mcpu=cortex-a9    -std=c++2a -std=c++17 -o CMakeFiles/cmTC_c3ebd.dir/feature_tests.cxx.o -c /home/plc2/work/NewProject1/intermediate/cmake/AXCF2152,22.6.0.43/Release/CMakeFiles/feature_tests.cxx
Linking CXX executable cmTC_c3ebd
/home/plc2/plcncli/cmake/bin/cmake -E cmake_link_script CMakeFiles/cmTC_c3ebd.dir/link.txt --verbose=1
/home/plc2/AXCF2152/sysroots/x86_64-pokysdk-linux/usr/bin/arm-pxc-linux-gnueabi/arm-pxc-linux-gnueabi-g++ --sysroot=/home/plc2/AXCF2152/sysroots/cortexa9t2hf-neon-pxc-linux-gnueabi    -mthumb -mfpu=neon -mfloat-abi=hard -mcpu=cortex-a9    -mthumb -mfpu=neon -mfloat-abi=hard -mcpu=cortex-a9   CMakeFiles/cmTC_c3ebd.dir/feature_tests.cxx.o  -o cmTC_c3ebd 
make[1]: Leaving directory '/home/plc2/work/NewProject1/intermediate/cmake/AXCF2152,22.6.0.43/Release/CMakeFiles/CMakeTmp'


    Feature record: CXX_FEATURE:1cxx_aggregate_default_initializers
    Feature record: CXX_FEATURE:1cxx_alias_templates
    Feature record: CXX_FEATURE:1cxx_alignas
    Feature record: CXX_FEATURE:1cxx_alignof
    Feature record: CXX_FEATURE:1cxx_attributes
    Feature record: CXX_FEATURE:1cxx_attribute_deprecated
    Feature record: CXX_FEATURE:1cxx_auto_type
    Feature record: CXX_FEATURE:1cxx_binary_literals
    Feature record: CXX_FEATURE:1cxx_constexpr
    Feature record: CXX_FEATURE:1cxx_contextual_conversions
    Feature record: CXX_FEATURE:1cxx_decltype
    Feature record: CXX_FEATURE:1cxx_decltype_auto
    Feature record: CXX_FEATURE:1cxx_decltype_incomplete_return_types
    Feature record: CXX_FEATURE:1cxx_default_function_template_args
    Feature record: CXX_FEATURE:1cxx_defaulted_functions
    Feature record: CXX_FEATURE:1cxx_defaulted_move_initializers
    Feature record: CXX_FEATURE:1cxx_delegating_constructors
    Feature record: CXX_FEATURE:1cxx_deleted_functions
    Feature record: CXX_FEATURE:1cxx_digit_separators
    Feature record: CXX_FEATURE:1cxx_enum_forward_declarations
    Feature record: CXX_FEATURE:1cxx_explicit_conversions
    Feature record: CXX_FEATURE:1cxx_extended_friend_declarations
    Feature record: CXX_FEATURE:1cxx_extern_templates
    Feature record: CXX_FEATURE:1cxx_final
    Feature record: CXX_FEATURE:1cxx_func_identifier
    Feature record: CXX_FEATURE:1cxx_generalized_initializers
    Feature record: CXX_FEATURE:1cxx_generic_lambdas
    Feature record: CXX_FEATURE:1cxx_inheriting_constructors
    Feature record: CXX_FEATURE:1cxx_inline_namespaces
    Feature record: CXX_FEATURE:1cxx_lambdas
    Feature record: CXX_FEATURE:1cxx_lambda_init_captures
    Feature record: CXX_FEATURE:1cxx_local_type_template_args
    Feature record: CXX_FEATURE:1cxx_long_long_type
    Feature record: CXX_FEATURE:1cxx_noexcept
    Feature record: CXX_FEATURE:1cxx_nonstatic_member_init
    Feature record: CXX_FEATURE:1cxx_nullptr
    Feature record: CXX_FEATURE:1cxx_override
    Feature record: CXX_FEATURE:1cxx_range_for
    Feature record: CXX_FEATURE:1cxx_raw_string_literals
    Feature record: CXX_FEATURE:1cxx_reference_qualified_functions
    Feature record: CXX_FEATURE:1cxx_relaxed_constexpr
    Feature record: CXX_FEATURE:1cxx_return_type_deduction
    Feature record: CXX_FEATURE:1cxx_right_angle_brackets
    Feature record: CXX_FEATURE:1cxx_rvalue_references
    Feature record: CXX_FEATURE:1cxx_sizeof_member
    Feature record: CXX_FEATURE:1cxx_static_assert
    Feature record: CXX_FEATURE:1cxx_strong_enums
    Feature record: CXX_FEATURE:1cxx_template_template_parameters
    Feature record: CXX_FEATURE:1cxx_thread_local
    Feature record: CXX_FEATURE:1cxx_trailing_return_types
    Feature record: CXX_FEATURE:1cxx_unicode_literals
    Feature record: CXX_FEATURE:1cxx_uniform_initialization
    Feature record: CXX_FEATURE:1cxx_unrestricted_unions
    Feature record: CXX_FEATURE:1cxx_user_literals
    Feature record: CXX_FEATURE:1cxx_variable_templates
    Feature record: CXX_FEATURE:1cxx_variadic_macros
    Feature record: CXX_FEATURE:1cxx_variadic_templates


Detecting CXX [-std=c++17] compiler features compiled with the following output:
Change Dir: /home/plc2/work/NewProject1/intermediate/cmake/AXCF2152,22.6.0.43/Release/CMakeFiles/CMakeTmp

Run Build Command:"/usr/bin/make" "cmTC_82280/fast"
/usr/bin/make -f CMakeFiles/cmTC_82280.dir/build.make CMakeFiles/cmTC_82280.dir/build
make[1]: Entering directory '/home/plc2/work/NewProject1/intermediate/cmake/AXCF2152,22.6.0.43/Release/CMakeFiles/CMakeTmp'
Building CXX object CMakeFiles/cmTC_82280.dir/feature_tests.cxx.o
/home/plc2/AXCF2152/sysroots/x86_64-pokysdk-linux/usr/bin/arm-pxc-linux-gnueabi/arm-pxc-linux-gnueabi-g++ --sysroot=/home/plc2/AXCF2152/sysroots/cortexa9t2hf-neon-pxc-linux-gnueabi    -mthumb -mfpu=neon -mfloat-abi=hard -mcpu=cortex-a9    -std=c++17 -std=c++17 -o CMakeFiles/cmTC_82280.dir/feature_tests.cxx.o -c /home/plc2/work/NewProject1/intermediate/cmake/AXCF2152,22.6.0.43/Release/CMakeFiles/feature_tests.cxx
Linking CXX executable cmTC_82280
/home/plc2/plcncli/cmake/bin/cmake -E cmake_link_script CMakeFiles/cmTC_82280.dir/link.txt --verbose=1
/home/plc2/AXCF2152/sysroots/x86_64-pokysdk-linux/usr/bin/arm-pxc-linux-gnueabi/arm-pxc-linux-gnueabi-g++ --sysroot=/home/plc2/AXCF2152/sysroots/cortexa9t2hf-neon-pxc-linux-gnueabi    -mthumb -mfpu=neon -mfloat-abi=hard -mcpu=cortex-a9    -mthumb -mfpu=neon -mfloat-abi=hard -mcpu=cortex-a9   CMakeFiles/cmTC_82280.dir/feature_tests.cxx.o  -o cmTC_82280 
make[1]: Leaving directory '/home/plc2/work/NewProject1/intermediate/cmake/AXCF2152,22.6.0.43/Release/CMakeFiles/CMakeTmp'


    Feature record: CXX_FEATURE:1cxx_aggregate_default_initializers
    Feature record: CXX_FEATURE:1cxx_alias_templates
    Feature record: CXX_FEATURE:1cxx_alignas
    Feature record: CXX_FEATURE:1cxx_alignof
    Feature record: CXX_FEATURE:1cxx_attributes
    Feature record: CXX_FEATURE:1cxx_attribute_deprecated
    Feature record: CXX_FEATURE:1cxx_auto_type
    Feature record: CXX_FEATURE:1cxx_binary_literals
    Feature record: CXX_FEATURE:1cxx_constexpr
    Feature record: CXX_FEATURE:1cxx_contextual_conversions
    Feature record: CXX_FEATURE:1cxx_decltype
    Feature record: CXX_FEATURE:1cxx_decltype_auto
    Feature record: CXX_FEATURE:1cxx_decltype_incomplete_return_types
    Feature record: CXX_FEATURE:1cxx_default_function_template_args
    Feature record: CXX_FEATURE:1cxx_defaulted_functions
    Feature record: CXX_FEATURE:1cxx_defaulted_move_initializers
    Feature record: CXX_FEATURE:1cxx_delegating_constructors
    Feature record: CXX_FEATURE:1cxx_deleted_functions
    Feature record: CXX_FEATURE:1cxx_digit_separators
    Feature record: CXX_FEATURE:1cxx_enum_forward_declarations
    Feature record: CXX_FEATURE:1cxx_explicit_conversions
    Feature record: CXX_FEATURE:1cxx_extended_friend_declarations
    Feature record: CXX_FEATURE:1cxx_extern_templates
    Feature record: CXX_FEATURE:1cxx_final
    Feature record: CXX_FEATURE:1cxx_func_identifier
    Feature record: CXX_FEATURE:1cxx_generalized_initializers
    Feature record: CXX_FEATURE:1cxx_generic_lambdas
    Feature record: CXX_FEATURE:1cxx_inheriting_constructors
    Feature record: CXX_FEATURE:1cxx_inline_namespaces
    Feature record: CXX_FEATURE:1cxx_lambdas
    Feature record: CXX_FEATURE:1cxx_lambda_init_captures
    Feature record: CXX_FEATURE:1cxx_local_type_template_args
    Feature record: CXX_FEATURE:1cxx_long_long_type
    Feature record: CXX_FEATURE:1cxx_noexcept
    Feature record: CXX_FEATURE:1cxx_nonstatic_member_init
    Feature record: CXX_FEATURE:1cxx_nullptr
    Feature record: CXX_FEATURE:1cxx_override
    Feature record: CXX_FEATURE:1cxx_range_for
    Feature record: CXX_FEATURE:1cxx_raw_string_literals
    Feature record: CXX_FEATURE:1cxx_reference_qualified_functions
    Feature record: CXX_FEATURE:1cxx_relaxed_constexpr
    Feature record: CXX_FEATURE:1cxx_return_type_deduction
    Feature record: CXX_FEATURE:1cxx_right_angle_brackets
    Feature record: CXX_FEATURE:1cxx_rvalue_references
    Feature record: CXX_FEATURE:1cxx_sizeof_member
    Feature record: CXX_FEATURE:1cxx_static_assert
    Feature record: CXX_FEATURE:1cxx_strong_enums
    Feature record: CXX_FEATURE:1cxx_template_template_parameters
    Feature record: CXX_FEATURE:1cxx_thread_local
    Feature record: CXX_FEATURE:1cxx_trailing_return_types
    Feature record: CXX_FEATURE:1cxx_unicode_literals
    Feature record: CXX_FEATURE:1cxx_uniform_initialization
    Feature record: CXX_FEATURE:1cxx_unrestricted_unions
    Feature record: CXX_FEATURE:1cxx_user_literals
    Feature record: CXX_FEATURE:1cxx_variable_templates
    Feature record: CXX_FEATURE:1cxx_variadic_macros
    Feature record: CXX_FEATURE:1cxx_variadic_templates


Detecting CXX [-std=c++14] compiler features compiled with the following output:
Change Dir: /home/plc2/work/NewProject1/intermediate/cmake/AXCF2152,22.6.0.43/Release/CMakeFiles/CMakeTmp

Run Build Command:"/usr/bin/make" "cmTC_6e9af/fast"
/usr/bin/make -f CMakeFiles/cmTC_6e9af.dir/build.make CMakeFiles/cmTC_6e9af.dir/build
make[1]: Entering directory '/home/plc2/work/NewProject1/intermediate/cmake/AXCF2152,22.6.0.43/Release/CMakeFiles/CMakeTmp'
Building CXX object CMakeFiles/cmTC_6e9af.dir/feature_tests.cxx.o
/home/plc2/AXCF2152/sysroots/x86_64-pokysdk-linux/usr/bin/arm-pxc-linux-gnueabi/arm-pxc-linux-gnueabi-g++ --sysroot=/home/plc2/AXCF2152/sysroots/cortexa9t2hf-neon-pxc-linux-gnueabi    -mthumb -mfpu=neon -mfloat-abi=hard -mcpu=cortex-a9    -std=c++14 -std=c++17 -o CMakeFiles/cmTC_6e9af.dir/feature_tests.cxx.o -c /home/plc2/work/NewProject1/intermediate/cmake/AXCF2152,22.6.0.43/Release/CMakeFiles/feature_tests.cxx
Linking CXX executable cmTC_6e9af
/home/plc2/plcncli/cmake/bin/cmake -E cmake_link_script CMakeFiles/cmTC_6e9af.dir/link.txt --verbose=1
/home/plc2/AXCF2152/sysroots/x86_64-pokysdk-linux/usr/bin/arm-pxc-linux-gnueabi/arm-pxc-linux-gnueabi-g++ --sysroot=/home/plc2/AXCF2152/sysroots/cortexa9t2hf-neon-pxc-linux-gnueabi    -mthumb -mfpu=neon -mfloat-abi=hard -mcpu=cortex-a9    -mthumb -mfpu=neon -mfloat-abi=hard -mcpu=cortex-a9   CMakeFiles/cmTC_6e9af.dir/feature_tests.cxx.o  -o cmTC_6e9af 
make[1]: Leaving directory '/home/plc2/work/NewProject1/intermediate/cmake/AXCF2152,22.6.0.43/Release/CMakeFiles/CMakeTmp'


    Feature record: CXX_FEATURE:1cxx_aggregate_default_initializers
    Feature record: CXX_FEATURE:1cxx_alias_templates
    Feature record: CXX_FEATURE:1cxx_alignas
    Feature record: CXX_FEATURE:1cxx_alignof
    Feature record: CXX_FEATURE:1cxx_attributes
    Feature record: CXX_FEATURE:1cxx_attribute_deprecated
    Feature record: CXX_FEATURE:1cxx_auto_type
    Feature record: CXX_FEATURE:1cxx_binary_literals
    Feature record: CXX_FEATURE:1cxx_constexpr
    Feature record: CXX_FEATURE:1cxx_contextual_conversions
    Feature record: CXX_FEATURE:1cxx_decltype
    Feature record: CXX_FEATURE:1cxx_decltype_auto
    Feature record: CXX_FEATURE:1cxx_decltype_incomplete_return_types
    Feature record: CXX_FEATURE:1cxx_default_function_template_args
    Feature record: CXX_FEATURE:1cxx_defaulted_functions
    Feature record: CXX_FEATURE:1cxx_defaulted_move_initializers
    Feature record: CXX_FEATURE:1cxx_delegating_constructors
    Feature record: CXX_FEATURE:1cxx_deleted_functions
    Feature record: CXX_FEATURE:1cxx_digit_separators
    Feature record: CXX_FEATURE:1cxx_enum_forward_declarations
    Feature record: CXX_FEATURE:1cxx_explicit_conversions
    Feature record: CXX_FEATURE:1cxx_extended_friend_declarations
    Feature record: CXX_FEATURE:1cxx_extern_templates
    Feature record: CXX_FEATURE:1cxx_final
    Feature record: CXX_FEATURE:1cxx_func_identifier
    Feature record: CXX_FEATURE:1cxx_generalized_initializers
    Feature record: CXX_FEATURE:1cxx_generic_lambdas
    Feature record: CXX_FEATURE:1cxx_inheriting_constructors
    Feature record: CXX_FEATURE:1cxx_inline_namespaces
    Feature record: CXX_FEATURE:1cxx_lambdas
    Feature record: CXX_FEATURE:1cxx_lambda_init_captures
    Feature record: CXX_FEATURE:1cxx_local_type_template_args
    Feature record: CXX_FEATURE:1cxx_long_long_type
    Feature record: CXX_FEATURE:1cxx_noexcept
    Feature record: CXX_FEATURE:1cxx_nonstatic_member_init
    Feature record: CXX_FEATURE:1cxx_nullptr
    Feature record: CXX_FEATURE:1cxx_override
    Feature record: CXX_FEATURE:1cxx_range_for
    Feature record: CXX_FEATURE:1cxx_raw_string_literals
    Feature record: CXX_FEATURE:1cxx_reference_qualified_functions
    Feature record: CXX_FEATURE:1cxx_relaxed_constexpr
    Feature record: CXX_FEATURE:1cxx_return_type_deduction
    Feature record: CXX_FEATURE:1cxx_right_angle_brackets
    Feature record: CXX_FEATURE:1cxx_rvalue_references
    Feature record: CXX_FEATURE:1cxx_sizeof_member
    Feature record: CXX_FEATURE:1cxx_static_assert
    Feature record: CXX_FEATURE:1cxx_strong_enums
    Feature record: CXX_FEATURE:1cxx_template_template_parameters
    Feature record: CXX_FEATURE:1cxx_thread_local
    Feature record: CXX_FEATURE:1cxx_trailing_return_types
    Feature record: CXX_FEATURE:1cxx_unicode_literals
    Feature record: CXX_FEATURE:1cxx_uniform_initialization
    Feature record: CXX_FEATURE:1cxx_unrestricted_unions
    Feature record: CXX_FEATURE:1cxx_user_literals
    Feature record: CXX_FEATURE:1cxx_variable_templates
    Feature record: CXX_FEATURE:1cxx_variadic_macros
    Feature record: CXX_FEATURE:1cxx_variadic_templates


Detecting CXX [-std=c++11] compiler features compiled with the following output:
Change Dir: /home/plc2/work/NewProject1/intermediate/cmake/AXCF2152,22.6.0.43/Release/CMakeFiles/CMakeTmp

Run Build Command:"/usr/bin/make" "cmTC_6c357/fast"
/usr/bin/make -f CMakeFiles/cmTC_6c357.dir/build.make CMakeFiles/cmTC_6c357.dir/build
make[1]: Entering directory '/home/plc2/work/NewProject1/intermediate/cmake/AXCF2152,22.6.0.43/Release/CMakeFiles/CMakeTmp'
Building CXX object CMakeFiles/cmTC_6c357.dir/feature_tests.cxx.o
/home/plc2/AXCF2152/sysroots/x86_64-pokysdk-linux/usr/bin/arm-pxc-linux-gnueabi/arm-pxc-linux-gnueabi-g++ --sysroot=/home/plc2/AXCF2152/sysroots/cortexa9t2hf-neon-pxc-linux-gnueabi    -mthumb -mfpu=neon -mfloat-abi=hard -mcpu=cortex-a9    -std=c++11 -std=c++17 -o CMakeFiles/cmTC_6c357.dir/feature_tests.cxx.o -c /home/plc2/work/NewProject1/intermediate/cmake/AXCF2152,22.6.0.43/Release/CMakeFiles/feature_tests.cxx
Linking CXX executable cmTC_6c357
/home/plc2/plcncli/cmake/bin/cmake -E cmake_link_script CMakeFiles/cmTC_6c357.dir/link.txt --verbose=1
/home/plc2/AXCF2152/sysroots/x86_64-pokysdk-linux/usr/bin/arm-pxc-linux-gnueabi/arm-pxc-linux-gnueabi-g++ --sysroot=/home/plc2/AXCF2152/sysroots/cortexa9t2hf-neon-pxc-linux-gnueabi    -mthumb -mfpu=neon -mfloat-abi=hard -mcpu=cortex-a9    -mthumb -mfpu=neon -mfloat-abi=hard -mcpu=cortex-a9   CMakeFiles/cmTC_6c357.dir/feature_tests.cxx.o  -o cmTC_6c357 
make[1]: Leaving directory '/home/plc2/work/NewProject1/intermediate/cmake/AXCF2152,22.6.0.43/Release/CMakeFiles/CMakeTmp'


    Feature record: CXX_FEATURE:1cxx_aggregate_default_initializers
    Feature record: CXX_FEATURE:1cxx_alias_templates
    Feature record: CXX_FEATURE:1cxx_alignas
    Feature record: CXX_FEATURE:1cxx_alignof
    Feature record: CXX_FEATURE:1cxx_attributes
    Feature record: CXX_FEATURE:1cxx_attribute_deprecated
    Feature record: CXX_FEATURE:1cxx_auto_type
    Feature record: CXX_FEATURE:1cxx_binary_literals
    Feature record: CXX_FEATURE:1cxx_constexpr
    Feature record: CXX_FEATURE:1cxx_contextual_conversions
    Feature record: CXX_FEATURE:1cxx_decltype
    Feature record: CXX_FEATURE:1cxx_decltype_auto
    Feature record: CXX_FEATURE:1cxx_decltype_incomplete_return_types
    Feature record: CXX_FEATURE:1cxx_default_function_template_args
    Feature record: CXX_FEATURE:1cxx_defaulted_functions
    Feature record: CXX_FEATURE:1cxx_defaulted_move_initializers
    Feature record: CXX_FEATURE:1cxx_delegating_constructors
    Feature record: CXX_FEATURE:1cxx_deleted_functions
    Feature record: CXX_FEATURE:1cxx_digit_separators
    Feature record: CXX_FEATURE:1cxx_enum_forward_declarations
    Feature record: CXX_FEATURE:1cxx_explicit_conversions
    Feature record: CXX_FEATURE:1cxx_extended_friend_declarations
    Feature record: CXX_FEATURE:1cxx_extern_templates
    Feature record: CXX_FEATURE:1cxx_final
    Feature record: CXX_FEATURE:1cxx_func_identifier
    Feature record: CXX_FEATURE:1cxx_generalized_initializers
    Feature record: CXX_FEATURE:1cxx_generic_lambdas
    Feature record: CXX_FEATURE:1cxx_inheriting_constructors
    Feature record: CXX_FEATURE:1cxx_inline_namespaces
    Feature record: CXX_FEATURE:1cxx_lambdas
    Feature record: CXX_FEATURE:1cxx_lambda_init_captures
    Feature record: CXX_FEATURE:1cxx_local_type_template_args
    Feature record: CXX_FEATURE:1cxx_long_long_type
    Feature record: CXX_FEATURE:1cxx_noexcept
    Feature record: CXX_FEATURE:1cxx_nonstatic_member_init
    Feature record: CXX_FEATURE:1cxx_nullptr
    Feature record: CXX_FEATURE:1cxx_override
    Feature record: CXX_FEATURE:1cxx_range_for
    Feature record: CXX_FEATURE:1cxx_raw_string_literals
    Feature record: CXX_FEATURE:1cxx_reference_qualified_functions
    Feature record: CXX_FEATURE:1cxx_relaxed_constexpr
    Feature record: CXX_FEATURE:1cxx_return_type_deduction
    Feature record: CXX_FEATURE:1cxx_right_angle_brackets
    Feature record: CXX_FEATURE:1cxx_rvalue_references
    Feature record: CXX_FEATURE:1cxx_sizeof_member
    Feature record: CXX_FEATURE:1cxx_static_assert
    Feature record: CXX_FEATURE:1cxx_strong_enums
    Feature record: CXX_FEATURE:1cxx_template_template_parameters
    Feature record: CXX_FEATURE:1cxx_thread_local
    Feature record: CXX_FEATURE:1cxx_trailing_return_types
    Feature record: CXX_FEATURE:1cxx_unicode_literals
    Feature record: CXX_FEATURE:1cxx_uniform_initialization
    Feature record: CXX_FEATURE:1cxx_unrestricted_unions
    Feature record: CXX_FEATURE:1cxx_user_literals
    Feature record: CXX_FEATURE:1cxx_variable_templates
    Feature record: CXX_FEATURE:1cxx_variadic_macros
    Feature record: CXX_FEATURE:1cxx_variadic_templates


Detecting CXX [-std=c++98] compiler features compiled with the following output:
Change Dir: /home/plc2/work/NewProject1/intermediate/cmake/AXCF2152,22.6.0.43/Release/CMakeFiles/CMakeTmp

Run Build Command:"/usr/bin/make" "cmTC_ffd6c/fast"
/usr/bin/make -f CMakeFiles/cmTC_ffd6c.dir/build.make CMakeFiles/cmTC_ffd6c.dir/build
make[1]: Entering directory '/home/plc2/work/NewProject1/intermediate/cmake/AXCF2152,22.6.0.43/Release/CMakeFiles/CMakeTmp'
Building CXX object CMakeFiles/cmTC_ffd6c.dir/feature_tests.cxx.o
/home/plc2/AXCF2152/sysroots/x86_64-pokysdk-linux/usr/bin/arm-pxc-linux-gnueabi/arm-pxc-linux-gnueabi-g++ --sysroot=/home/plc2/AXCF2152/sysroots/cortexa9t2hf-neon-pxc-linux-gnueabi    -mthumb -mfpu=neon -mfloat-abi=hard -mcpu=cortex-a9    -std=c++98 -std=c++17 -o CMakeFiles/cmTC_ffd6c.dir/feature_tests.cxx.o -c /home/plc2/work/NewProject1/intermediate/cmake/AXCF2152,22.6.0.43/Release/CMakeFiles/feature_tests.cxx
Linking CXX executable cmTC_ffd6c
/home/plc2/plcncli/cmake/bin/cmake -E cmake_link_script CMakeFiles/cmTC_ffd6c.dir/link.txt --verbose=1
/home/plc2/AXCF2152/sysroots/x86_64-pokysdk-linux/usr/bin/arm-pxc-linux-gnueabi/arm-pxc-linux-gnueabi-g++ --sysroot=/home/plc2/AXCF2152/sysroots/cortexa9t2hf-neon-pxc-linux-gnueabi    -mthumb -mfpu=neon -mfloat-abi=hard -mcpu=cortex-a9    -mthumb -mfpu=neon -mfloat-abi=hard -mcpu=cortex-a9   CMakeFiles/cmTC_ffd6c.dir/feature_tests.cxx.o  -o cmTC_ffd6c 
make[1]: Leaving directory '/home/plc2/work/NewProject1/intermediate/cmake/AXCF2152,22.6.0.43/Release/CMakeFiles/CMakeTmp'


    Feature record: CXX_FEATURE:1cxx_aggregate_default_initializers
    Feature record: CXX_FEATURE:1cxx_alias_templates
    Feature record: CXX_FEATURE:1cxx_alignas
    Feature record: CXX_FEATURE:1cxx_alignof
    Feature record: CXX_FEATURE:1cxx_attributes
    Feature record: CXX_FEATURE:1cxx_attribute_deprecated
    Feature record: CXX_FEATURE:1cxx_auto_type
    Feature record: CXX_FEATURE:1cxx_binary_literals
    Feature record: CXX_FEATURE:1cxx_constexpr
    Feature record: CXX_FEATURE:1cxx_contextual_conversions
    Feature record: CXX_FEATURE:1cxx_decltype
    Feature record: CXX_FEATURE:1cxx_decltype_auto
    Feature record: CXX_FEATURE:1cxx_decltype_incomplete_return_types
    Feature record: CXX_FEATURE:1cxx_default_function_template_args
    Feature record: CXX_FEATURE:1cxx_defaulted_functions
    Feature record: CXX_FEATURE:1cxx_defaulted_move_initializers
    Feature record: CXX_FEATURE:1cxx_delegating_constructors
    Feature record: CXX_FEATURE:1cxx_deleted_functions
    Feature record: CXX_FEATURE:1cxx_digit_separators
    Feature record: CXX_FEATURE:1cxx_enum_forward_declarations
    Feature record: CXX_FEATURE:1cxx_explicit_conversions
    Feature record: CXX_FEATURE:1cxx_extended_friend_declarations
    Feature record: CXX_FEATURE:1cxx_extern_templates
    Feature record: CXX_FEATURE:1cxx_final
    Feature record: CXX_FEATURE:1cxx_func_identifier
    Feature record: CXX_FEATURE:1cxx_generalized_initializers
    Feature record: CXX_FEATURE:1cxx_generic_lambdas
    Feature record: CXX_FEATURE:1cxx_inheriting_constructors
    Feature record: CXX_FEATURE:1cxx_inline_namespaces
    Feature record: CXX_FEATURE:1cxx_lambdas
    Feature record: CXX_FEATURE:1cxx_lambda_init_captures
    Feature record: CXX_FEATURE:1cxx_local_type_template_args
    Feature record: CXX_FEATURE:1cxx_long_long_type
    Feature record: CXX_FEATURE:1cxx_noexcept
    Feature record: CXX_FEATURE:1cxx_nonstatic_member_init
    Feature record: CXX_FEATURE:1cxx_nullptr
    Feature record: CXX_FEATURE:1cxx_override
    Feature record: CXX_FEATURE:1cxx_range_for
    Feature record: CXX_FEATURE:1cxx_raw_string_literals
    Feature record: CXX_FEATURE:1cxx_reference_qualified_functions
    Feature record: CXX_FEATURE:1cxx_relaxed_constexpr
    Feature record: CXX_FEATURE:1cxx_return_type_deduction
    Feature record: CXX_FEATURE:1cxx_right_angle_brackets
    Feature record: CXX_FEATURE:1cxx_rvalue_references
    Feature record: CXX_FEATURE:1cxx_sizeof_member
    Feature record: CXX_FEATURE:1cxx_static_assert
    Feature record: CXX_FEATURE:1cxx_strong_enums
    Feature record: CXX_FEATURE:1cxx_template_template_parameters
    Feature record: CXX_FEATURE:1cxx_thread_local
    Feature record: CXX_FEATURE:1cxx_trailing_return_types
    Feature record: CXX_FEATURE:1cxx_unicode_literals
    Feature record: CXX_FEATURE:1cxx_uniform_initialization
    Feature record: CXX_FEATURE:1cxx_unrestricted_unions
    Feature record: CXX_FEATURE:1cxx_user_literals
    Feature record: CXX_FEATURE:1cxx_variable_templates
    Feature record: CXX_FEATURE:1cxx_variadic_macros
    Feature record: CXX_FEATURE:1cxx_variadic_templates
